{"/home/travis/build/npmtest/node-npmtest-bookshelf/test.js":{"path":"/home/travis/build/npmtest/node-npmtest-bookshelf/test.js","s":{"1":2,"2":2,"3":2,"4":2,"5":2,"6":2,"7":2,"8":1,"9":2,"10":2,"11":1,"12":1,"13":1,"14":1,"15":2,"16":2,"17":2,"18":2,"19":1,"20":1,"21":2,"22":2,"23":2,"24":1,"25":1,"26":1,"27":1,"28":1,"29":1,"30":1,"31":1,"32":1,"33":1,"34":1,"35":1,"36":1,"37":1,"38":1,"39":2,"40":2,"41":1,"42":2,"43":2,"44":1,"45":2,"46":2,"47":1,"48":2,"49":2,"50":1,"51":1,"52":1,"53":1,"54":1},"b":{"1":[2,1,1,1],"2":[1,1,1,1],"3":[1,1],"4":[1,1],"5":[1,1],"6":[1,1],"7":[1,1],"8":[1,1],"9":[1,1],"10":[1,1,1],"11":[1,1],"12":[1,1],"13":[1,1],"14":[1,1],"15":[1,1],"16":[1,1],"17":[1,1]},"f":{"1":2,"2":2,"3":2,"4":2,"5":2,"6":1,"7":1,"8":1,"9":2,"10":2,"11":2,"12":2,"13":1},"fnMap":{"1":{"name":"(anonymous_1)","line":12,"loc":{"start":{"line":12,"column":1},"end":{"line":12,"column":13}}},"2":{"name":"(anonymous_2)","line":19,"loc":{"start":{"line":19,"column":5},"end":{"line":19,"column":17}}},"3":{"name":"(anonymous_3)","line":23,"loc":{"start":{"line":23,"column":24},"end":{"line":23,"column":36}}},"4":{"name":"(anonymous_4)","line":61,"loc":{"start":{"line":61,"column":5},"end":{"line":61,"column":17}}},"5":{"name":"(anonymous_5)","line":82,"loc":{"start":{"line":82,"column":5},"end":{"line":82,"column":17}}},"6":{"name":"(anonymous_6)","line":91,"loc":{"start":{"line":91,"column":77},"end":{"line":94,"column":10}}},"7":{"name":"(anonymous_7)","line":112,"loc":{"start":{"line":112,"column":83},"end":{"line":115,"column":10}},"skip":true},"8":{"name":"(anonymous_8)","line":123,"loc":{"start":{"line":123,"column":77},"end":{"line":126,"column":10}},"skip":true},"9":{"name":"(anonymous_9)","line":139,"loc":{"start":{"line":139,"column":12},"end":{"line":139,"column":40}},"skip":true},"10":{"name":"(anonymous_10)","line":147,"loc":{"start":{"line":147,"column":77},"end":{"line":150,"column":10}},"skip":true},"11":{"name":"(anonymous_11)","line":158,"loc":{"start":{"line":158,"column":83},"end":{"line":161,"column":10}},"skip":true},"12":{"name":"(anonymous_12)","line":169,"loc":{"start":{"line":169,"column":79},"end":{"line":172,"column":10}},"skip":true},"13":{"name":"(anonymous_13)","line":180,"loc":{"start":{"line":180,"column":75},"end":{"line":183,"column":10}},"skip":true}},"statementMap":{"1":{"start":{"line":12,"column":0},"end":{"line":195,"column":5}},"2":{"start":{"line":14,"column":4},"end":{"line":14,"column":14}},"3":{"start":{"line":19,"column":4},"end":{"line":56,"column":9}},"4":{"start":{"line":21,"column":8},"end":{"line":21,"column":19}},"5":{"start":{"line":23,"column":8},"end":{"line":35,"column":13}},"6":{"start":{"line":24,"column":12},"end":{"line":34,"column":13}},"7":{"start":{"line":25,"column":16},"end":{"line":28,"column":30}},"8":{"start":{"line":30,"column":16},"end":{"line":33,"column":27}},"9":{"start":{"line":37,"column":8},"end":{"line":39,"column":21}},"10":{"start":{"line":40,"column":8},"end":{"line":53,"column":9}},"11":{"start":{"line":43,"column":12},"end":{"line":46,"column":14}},"12":{"start":{"line":47,"column":12},"end":{"line":47,"column":18}},"13":{"start":{"line":50,"column":12},"end":{"line":51,"column":46}},"14":{"start":{"line":52,"column":12},"end":{"line":52,"column":18}},"15":{"start":{"line":55,"column":8},"end":{"line":55,"column":35}},"16":{"start":{"line":61,"column":4},"end":{"line":63,"column":9}},"17":{"start":{"line":62,"column":8},"end":{"line":62,"column":15}},"18":{"start":{"line":64,"column":4},"end":{"line":77,"column":5}},"19":{"start":{"line":70,"column":8},"end":{"line":70,"column":14}},"20":{"start":{"line":76,"column":8},"end":{"line":76,"column":14}},"21":{"start":{"line":82,"column":4},"end":{"line":84,"column":9}},"22":{"start":{"line":83,"column":8},"end":{"line":83,"column":15}},"23":{"start":{"line":85,"column":4},"end":{"line":194,"column":5}},"24":{"start":{"line":91,"column":8},"end":{"line":99,"column":10}},"25":{"start":{"line":98,"column":12},"end":{"line":98,"column":35}},"26":{"start":{"line":102,"column":8},"end":{"line":104,"column":63}},"27":{"start":{"line":105,"column":8},"end":{"line":105,"column":14}},"28":{"start":{"line":112,"column":8},"end":{"line":121,"column":10},"skip":true},"29":{"start":{"line":119,"column":12},"end":{"line":119,"column":55},"skip":true},"30":{"start":{"line":120,"column":12},"end":{"line":120,"column":48},"skip":true},"31":{"start":{"line":123,"column":8},"end":{"line":136,"column":10},"skip":true},"32":{"start":{"line":130,"column":12},"end":{"line":130,"column":76},"skip":true},"33":{"start":{"line":131,"column":12},"end":{"line":131,"column":73},"skip":true},"34":{"start":{"line":132,"column":12},"end":{"line":132,"column":74},"skip":true},"35":{"start":{"line":133,"column":12},"end":{"line":133,"column":79},"skip":true},"36":{"start":{"line":134,"column":12},"end":{"line":134,"column":25},"skip":true},"37":{"start":{"line":135,"column":12},"end":{"line":135,"column":45},"skip":true},"38":{"start":{"line":138,"column":8},"end":{"line":145,"column":14},"skip":true},"39":{"start":{"line":143,"column":16},"end":{"line":143,"column":29},"skip":true},"40":{"start":{"line":144,"column":16},"end":{"line":144,"column":55},"skip":true},"41":{"start":{"line":147,"column":8},"end":{"line":156,"column":10},"skip":true},"42":{"start":{"line":154,"column":12},"end":{"line":154,"column":25},"skip":true},"43":{"start":{"line":155,"column":12},"end":{"line":155,"column":45},"skip":true},"44":{"start":{"line":158,"column":8},"end":{"line":167,"column":10},"skip":true},"45":{"start":{"line":165,"column":12},"end":{"line":165,"column":25},"skip":true},"46":{"start":{"line":166,"column":12},"end":{"line":166,"column":48},"skip":true},"47":{"start":{"line":169,"column":8},"end":{"line":178,"column":10},"skip":true},"48":{"start":{"line":176,"column":12},"end":{"line":176,"column":25},"skip":true},"49":{"start":{"line":177,"column":12},"end":{"line":177,"column":46},"skip":true},"50":{"start":{"line":180,"column":8},"end":{"line":189,"column":10},"skip":true},"51":{"start":{"line":187,"column":12},"end":{"line":187,"column":94},"skip":true},"52":{"start":{"line":188,"column":12},"end":{"line":188,"column":48},"skip":true},"53":{"start":{"line":192,"column":8},"end":{"line":192,"column":35},"skip":true},"54":{"start":{"line":193,"column":8},"end":{"line":193,"column":14},"skip":true}},"branchMap":{"1":{"line":25,"type":"binary-expr","locations":[{"start":{"line":25,"column":23},"end":{"line":25,"column":62}},{"start":{"line":26,"column":20},"end":{"line":26,"column":70}},{"start":{"line":27,"column":20},"end":{"line":27,"column":71}},{"start":{"line":28,"column":20},"end":{"line":28,"column":29}}]},"2":{"line":30,"type":"binary-expr","locations":[{"start":{"line":30,"column":23},"end":{"line":30,"column":37}},{"start":{"line":31,"column":20},"end":{"line":31,"column":61}},{"start":{"line":32,"column":20},"end":{"line":32,"column":70}},{"start":{"line":33,"column":20},"end":{"line":33,"column":26}}]},"3":{"line":37,"type":"cond-expr","locations":[{"start":{"line":38,"column":14},"end":{"line":38,"column":20}},{"start":{"line":39,"column":14},"end":{"line":39,"column":20}}]},"4":{"line":40,"type":"switch","locations":[{"start":{"line":42,"column":8},"end":{"line":47,"column":18}},{"start":{"line":49,"column":8},"end":{"line":52,"column":18}}]},"5":{"line":44,"type":"binary-expr","locations":[{"start":{"line":44,"column":16},"end":{"line":44,"column":44}},{"start":{"line":44,"column":48},"end":{"line":44,"column":66}}]},"6":{"line":50,"type":"binary-expr","locations":[{"start":{"line":50,"column":21},"end":{"line":50,"column":49}},{"start":{"line":50,"column":53},"end":{"line":50,"column":72}}]},"7":{"line":64,"type":"switch","locations":[{"start":{"line":69,"column":4},"end":{"line":70,"column":14}},{"start":{"line":75,"column":4},"end":{"line":76,"column":14}}]},"8":{"line":85,"type":"switch","locations":[{"start":{"line":90,"column":4},"end":{"line":105,"column":14}},{"start":{"line":111,"column":4},"end":{"line":193,"column":14},"skip":true}]},"9":{"line":91,"type":"binary-expr","locations":[{"start":{"line":91,"column":42},"end":{"line":91,"column":73}},{"start":{"line":91,"column":77},"end":{"line":99,"column":9}}]},"10":{"line":102,"type":"binary-expr","locations":[{"start":{"line":102,"column":18},"end":{"line":102,"column":32}},{"start":{"line":103,"column":12},"end":{"line":103,"column":53}},{"start":{"line":104,"column":12},"end":{"line":104,"column":61}}]},"11":{"line":112,"type":"binary-expr","locations":[{"start":{"line":112,"column":45},"end":{"line":112,"column":79},"skip":true},{"start":{"line":112,"column":83},"end":{"line":121,"column":9},"skip":true}]},"12":{"line":123,"type":"binary-expr","locations":[{"start":{"line":123,"column":42},"end":{"line":123,"column":73},"skip":true},{"start":{"line":123,"column":77},"end":{"line":136,"column":9},"skip":true}]},"13":{"line":138,"type":"binary-expr","locations":[{"start":{"line":138,"column":48},"end":{"line":138,"column":85},"skip":true},{"start":{"line":139,"column":12},"end":{"line":145,"column":13},"skip":true}]},"14":{"line":147,"type":"binary-expr","locations":[{"start":{"line":147,"column":42},"end":{"line":147,"column":73},"skip":true},{"start":{"line":147,"column":77},"end":{"line":156,"column":9},"skip":true}]},"15":{"line":158,"type":"binary-expr","locations":[{"start":{"line":158,"column":45},"end":{"line":158,"column":79},"skip":true},{"start":{"line":158,"column":83},"end":{"line":167,"column":9},"skip":true}]},"16":{"line":169,"type":"binary-expr","locations":[{"start":{"line":169,"column":43},"end":{"line":169,"column":75},"skip":true},{"start":{"line":169,"column":79},"end":{"line":178,"column":9},"skip":true}]},"17":{"line":180,"type":"binary-expr","locations":[{"start":{"line":180,"column":41},"end":{"line":180,"column":71},"skip":true},{"start":{"line":180,"column":75},"end":{"line":189,"column":9},"skip":true}]}},"code":["/* istanbul instrument in package npmtest_bookshelf */","/*jslint","    bitwise: true,","    browser: true,","    maxerr: 8,","    maxlen: 96,","    node: true,","    nomen: true,","    regexp: true,","    stupid: true","*/","(function () {","    'use strict';","    var local;","","","","    // run shared js-env code - pre-init","    (function () {","        // init local","        local = {};","        // init modeJs","        local.modeJs = (function () {","            try {","                return typeof navigator.userAgent === 'string' &&","                    typeof document.querySelector('body') === 'object' &&","                    typeof XMLHttpRequest.prototype.open === 'function' &&","                    'browser';","            } catch (errorCaughtBrowser) {","                return module.exports &&","                    typeof process.versions.node === 'string' &&","                    typeof require('http').createServer === 'function' &&","                    'node';","            }","        }());","        // init global","        local.global = local.modeJs === 'browser'","            ? window","            : global;","        switch (local.modeJs) {","        // re-init local from window.local","        case 'browser':","            local = local.global.utility2.objectSetDefault(","                local.global.utility2_rollup || local.global.local,","                local.global.utility2","            );","            break;","        // re-init local from example.js","        case 'node':","            local = (local.global.utility2_rollup || require('utility2'))","                .requireExampleJsFromReadme();","            break;","        }","        // export local","        local.global.local = local;","    }());","","","","    // run shared js-env code - function","    (function () {","        return;","    }());","    switch (local.modeJs) {","","","","    // run browser js-env code - function","    case 'browser':","        break;","","","","    // run node js-env code - function","    case 'node':","        break;","    }","","","","    // run shared js-env code - post-init","    (function () {","        return;","    }());","    switch (local.modeJs) {","","","","    // run browser js-env code - post-init","    case 'browser':","        local.testCase_browser_nullCase = local.testCase_browser_nullCase || function (","            options,","            onError","        ) {","        /*","         * this function will test browsers's null-case handling-behavior-behavior","         */","            onError(null, options);","        };","","        // run tests","        local.nop(local.modeTest &&","            document.querySelector('#testRunButton1') &&","            document.querySelector('#testRunButton1').click());","        break;","","","","    // run node js-env code - post-init","    /* istanbul ignore next */","    case 'node':","        local.testCase_buildApidoc_default = local.testCase_buildApidoc_default || function (","            options,","            onError","        ) {","        /*","         * this function will test buildApidoc's default handling-behavior-behavior","         */","            options = { modulePathList: module.paths };","            local.buildApidoc(options, onError);","        };","","        local.testCase_buildApp_default = local.testCase_buildApp_default || function (","            options,","            onError","        ) {","        /*","         * this function will test buildApp's default handling-behavior-behavior","         */","            local.testCase_buildReadme_default(options, local.onErrorThrow);","            local.testCase_buildLib_default(options, local.onErrorThrow);","            local.testCase_buildTest_default(options, local.onErrorThrow);","            local.testCase_buildCustomOrg_default(options, local.onErrorThrow);","            options = [];","            local.buildApp(options, onError);","        };","","        local.testCase_buildCustomOrg_default = local.testCase_buildCustomOrg_default ||","            function (options, onError) {","            /*","             * this function will test buildCustomOrg's default handling-behavior","             */","                options = {};","                local.buildCustomOrg(options, onError);","            };","","        local.testCase_buildLib_default = local.testCase_buildLib_default || function (","            options,","            onError","        ) {","        /*","         * this function will test buildLib's default handling-behavior","         */","            options = {};","            local.buildLib(options, onError);","        };","","        local.testCase_buildReadme_default = local.testCase_buildReadme_default || function (","            options,","            onError","        ) {","        /*","         * this function will test buildReadme's default handling-behavior-behavior","         */","            options = {};","            local.buildReadme(options, onError);","        };","","        local.testCase_buildTest_default = local.testCase_buildTest_default || function (","            options,","            onError","        ) {","        /*","         * this function will test buildTest's default handling-behavior","         */","            options = {};","            local.buildTest(options, onError);","        };","","        local.testCase_webpage_default = local.testCase_webpage_default || function (","            options,","            onError","        ) {","        /*","         * this function will test webpage's default handling-behavior","         */","            options = { modeCoverageMerge: true, url: local.serverLocalHost + '?modeTest=1' };","            local.browserTest(options, onError);","        };","","        // run test-server","        local.testRunServer(local);","        break;","    }","}());",""],"l":{"12":2,"14":2,"19":2,"21":2,"23":2,"24":2,"25":2,"30":1,"37":2,"40":2,"43":1,"47":1,"50":1,"52":1,"55":2,"61":2,"62":2,"64":2,"70":1,"76":1,"82":2,"83":2,"85":2,"91":1,"98":1,"102":1,"105":1,"112":1,"119":1,"120":1,"123":1,"130":1,"131":1,"132":1,"133":1,"134":1,"135":1,"138":1,"143":2,"144":2,"147":1,"154":2,"155":2,"158":1,"165":2,"166":2,"169":1,"176":2,"177":2,"180":1,"187":1,"188":1,"192":1,"193":1}},"/home/travis/build/npmtest/node-npmtest-bookshelf/lib.npmtest_bookshelf.js":{"path":"/home/travis/build/npmtest/node-npmtest-bookshelf/lib.npmtest_bookshelf.js","s":{"1":2,"2":2,"3":2,"4":2,"5":2,"6":2,"7":2,"8":1,"9":2,"10":2,"11":2,"12":2,"13":1,"14":1,"15":1,"16":1},"b":{"1":[2,1,1,1],"2":[1,1,1,1],"3":[1,1],"4":[2,2],"5":[1,1]},"f":{"1":2,"2":2,"3":2},"fnMap":{"1":{"name":"(anonymous_1)","line":12,"loc":{"start":{"line":12,"column":1},"end":{"line":12,"column":13}}},"2":{"name":"(anonymous_2)","line":19,"loc":{"start":{"line":19,"column":5},"end":{"line":19,"column":17}}},"3":{"name":"(anonymous_3)","line":23,"loc":{"start":{"line":23,"column":24},"end":{"line":23,"column":36}}}},"statementMap":{"1":{"start":{"line":12,"column":0},"end":{"line":53,"column":5}},"2":{"start":{"line":14,"column":4},"end":{"line":14,"column":14}},"3":{"start":{"line":19,"column":4},"end":{"line":52,"column":9}},"4":{"start":{"line":21,"column":8},"end":{"line":21,"column":19}},"5":{"start":{"line":23,"column":8},"end":{"line":35,"column":13}},"6":{"start":{"line":24,"column":12},"end":{"line":34,"column":13}},"7":{"start":{"line":25,"column":16},"end":{"line":28,"column":30}},"8":{"start":{"line":30,"column":16},"end":{"line":33,"column":27}},"9":{"start":{"line":37,"column":8},"end":{"line":39,"column":21}},"10":{"start":{"line":41,"column":8},"end":{"line":41,"column":54}},"11":{"start":{"line":43,"column":8},"end":{"line":43,"column":54}},"12":{"start":{"line":45,"column":8},"end":{"line":51,"column":9}},"13":{"start":{"line":46,"column":12},"end":{"line":46,"column":60}},"14":{"start":{"line":48,"column":12},"end":{"line":48,"column":35}},"15":{"start":{"line":49,"column":12},"end":{"line":49,"column":49}},"16":{"start":{"line":50,"column":12},"end":{"line":50,"column":43}}},"branchMap":{"1":{"line":25,"type":"binary-expr","locations":[{"start":{"line":25,"column":23},"end":{"line":25,"column":62}},{"start":{"line":26,"column":20},"end":{"line":26,"column":70}},{"start":{"line":27,"column":20},"end":{"line":27,"column":71}},{"start":{"line":28,"column":20},"end":{"line":28,"column":29}}]},"2":{"line":30,"type":"binary-expr","locations":[{"start":{"line":30,"column":23},"end":{"line":30,"column":37}},{"start":{"line":31,"column":20},"end":{"line":31,"column":61}},{"start":{"line":32,"column":20},"end":{"line":32,"column":70}},{"start":{"line":33,"column":20},"end":{"line":33,"column":26}}]},"3":{"line":37,"type":"cond-expr","locations":[{"start":{"line":38,"column":14},"end":{"line":38,"column":20}},{"start":{"line":39,"column":14},"end":{"line":39,"column":20}}]},"4":{"line":41,"type":"binary-expr","locations":[{"start":{"line":41,"column":16},"end":{"line":41,"column":44}},{"start":{"line":41,"column":48},"end":{"line":41,"column":53}}]},"5":{"line":45,"type":"if","locations":[{"start":{"line":45,"column":8},"end":{"line":45,"column":8}},{"start":{"line":45,"column":8},"end":{"line":45,"column":8}}]}},"code":["/* istanbul instrument in package npmtest_bookshelf */","/*jslint","    bitwise: true,","    browser: true,","    maxerr: 8,","    maxlen: 96,","    node: true,","    nomen: true,","    regexp: true,","    stupid: true","*/","(function () {","    'use strict';","    var local;","","","","    // run shared js-env code - pre-init","    (function () {","        // init local","        local = {};","        // init modeJs","        local.modeJs = (function () {","            try {","                return typeof navigator.userAgent === 'string' &&","                    typeof document.querySelector('body') === 'object' &&","                    typeof XMLHttpRequest.prototype.open === 'function' &&","                    'browser';","            } catch (errorCaughtBrowser) {","                return module.exports &&","                    typeof process.versions.node === 'string' &&","                    typeof require('http').createServer === 'function' &&","                    'node';","            }","        }());","        // init global","        local.global = local.modeJs === 'browser'","            ? window","            : global;","        // init utility2_rollup","        local = local.global.utility2_rollup || local;","        // init lib","        local.local = local.npmtest_bookshelf = local;","        // init exports","        if (local.modeJs === 'browser') {","            local.global.utility2_npmtest_bookshelf = local;","        } else {","            module.exports = local;","            module.exports.__dirname = __dirname;","            module.exports.module = module;","        }","    }());","}());",""],"l":{"12":2,"14":2,"19":2,"21":2,"23":2,"24":2,"25":2,"30":1,"37":2,"41":2,"43":2,"45":2,"46":1,"48":1,"49":1,"50":1}},"/home/travis/build/npmtest/node-npmtest-bookshelf/example.js":{"path":"/home/travis/build/npmtest/node-npmtest-bookshelf/example.js","s":{"1":2,"2":2,"3":2,"4":2,"5":2,"6":2,"7":2,"8":1,"9":2,"10":2,"11":2,"12":2,"13":1,"14":2,"15":2,"16":2,"17":2,"18":2,"19":0,"20":2,"21":1,"22":1,"23":1,"24":1,"25":1,"26":0,"27":0,"28":1,"29":1,"30":2,"31":0,"32":0,"33":0,"34":1,"35":2,"36":2,"37":3,"38":3,"39":3,"40":3,"41":0,"42":3,"43":3,"44":3,"45":1,"46":3,"47":1,"48":1,"49":1,"50":1,"51":1,"52":1,"53":1,"54":1,"55":1,"56":1,"57":0,"58":1,"59":6,"60":6,"61":1,"62":2,"63":0,"64":2,"65":1,"66":1,"67":0,"68":0,"69":0,"70":0,"71":0,"72":0,"73":0,"74":0,"75":0,"76":0,"77":0,"78":0,"79":0,"80":0,"81":0,"82":0,"83":0},"b":{"1":[2,1,1,1],"2":[1,1,1,1],"3":[1,1],"4":[2,2],"5":[1,1],"6":[1,1],"7":[2,0],"8":[2,1,1,1,1,1],"9":[0,2,0],"10":[1,1],"11":[2,1,1],"12":[1,0],"13":[0,2],"14":[2,0,0,0,0,0,0],"15":[0,3],"16":[3,0],"17":[1,1],"18":[0,1],"19":[1,2,0,2],"20":[1,0],"21":[1,1],"22":[0,0],"23":[0,0],"24":[0,0],"25":[0,0],"26":[0,0],"27":[0,0],"28":[0,0]},"f":{"1":2,"2":2,"3":2,"4":2,"5":2,"6":2,"7":3,"8":3,"9":3,"10":1,"11":6,"12":0},"fnMap":{"1":{"name":"(anonymous_1)","line":26,"loc":{"start":{"line":26,"column":1},"end":{"line":26,"column":13}}},"2":{"name":"(anonymous_2)","line":33,"loc":{"start":{"line":33,"column":5},"end":{"line":33,"column":17}}},"3":{"name":"(anonymous_3)","line":37,"loc":{"start":{"line":37,"column":24},"end":{"line":37,"column":36}}},"4":{"name":"(anonymous_4)","line":69,"loc":{"start":{"line":69,"column":31},"end":{"line":69,"column":48}},"skip":true},"5":{"name":"(anonymous_5)","line":78,"loc":{"start":{"line":78,"column":26},"end":{"line":78,"column":45}},"skip":true},"6":{"name":"(anonymous_6)","line":123,"loc":{"start":{"line":123,"column":33},"end":{"line":123,"column":48}},"skip":true},"7":{"name":"(anonymous_7)","line":125,"loc":{"start":{"line":125,"column":27},"end":{"line":125,"column":39}},"skip":true},"8":{"name":"(anonymous_8)","line":133,"loc":{"start":{"line":133,"column":59},"end":{"line":133,"column":74}},"skip":true},"9":{"name":"(anonymous_9)","line":143,"loc":{"start":{"line":143,"column":45},"end":{"line":143,"column":62}},"skip":true},"10":{"name":"(anonymous_10)","line":144,"loc":{"start":{"line":144,"column":73},"end":{"line":144,"column":92}},"skip":true},"11":{"name":"(anonymous_11)","line":272,"loc":{"start":{"line":272,"column":51},"end":{"line":272,"column":77}},"skip":true},"12":{"name":"(anonymous_12)","line":315,"loc":{"start":{"line":315,"column":32},"end":{"line":315,"column":61}},"skip":true}},"statementMap":{"1":{"start":{"line":26,"column":0},"end":{"line":326,"column":5}},"2":{"start":{"line":28,"column":4},"end":{"line":28,"column":14}},"3":{"start":{"line":33,"column":4},"end":{"line":60,"column":9}},"4":{"start":{"line":35,"column":8},"end":{"line":35,"column":19}},"5":{"start":{"line":37,"column":8},"end":{"line":49,"column":13}},"6":{"start":{"line":38,"column":12},"end":{"line":48,"column":13}},"7":{"start":{"line":39,"column":16},"end":{"line":42,"column":30}},"8":{"start":{"line":44,"column":16},"end":{"line":47,"column":27}},"9":{"start":{"line":51,"column":8},"end":{"line":53,"column":21}},"10":{"start":{"line":55,"column":8},"end":{"line":57,"column":45}},"11":{"start":{"line":59,"column":8},"end":{"line":59,"column":35}},"12":{"start":{"line":61,"column":4},"end":{"line":325,"column":5}},"13":{"start":{"line":69,"column":8},"end":{"line":121,"column":10},"skip":true},"14":{"start":{"line":70,"column":12},"end":{"line":88,"column":13},"skip":true},"15":{"start":{"line":76,"column":16},"end":{"line":87,"column":19},"skip":true},"16":{"start":{"line":79,"column":20},"end":{"line":86,"column":21},"skip":true},"17":{"start":{"line":82,"column":24},"end":{"line":82,"column":43},"skip":true},"18":{"start":{"line":83,"column":24},"end":{"line":83,"column":30},"skip":true},"19":{"start":{"line":85,"column":24},"end":{"line":85,"column":49},"skip":true},"20":{"start":{"line":89,"column":12},"end":{"line":107,"column":13},"skip":true},"21":{"start":{"line":92,"column":16},"end":{"line":102,"column":17},"skip":true},"22":{"start":{"line":93,"column":20},"end":{"line":93,"column":86},"skip":true},"23":{"start":{"line":94,"column":20},"end":{"line":95,"column":45},"skip":true},"24":{"start":{"line":96,"column":20},"end":{"line":96,"column":42},"skip":true},"25":{"start":{"line":97,"column":20},"end":{"line":97,"column":48},"skip":true},"26":{"start":{"line":100,"column":20},"end":{"line":100,"column":85},"skip":true},"27":{"start":{"line":101,"column":20},"end":{"line":101,"column":96},"skip":true},"28":{"start":{"line":103,"column":16},"end":{"line":103,"column":22},"skip":true},"29":{"start":{"line":106,"column":16},"end":{"line":106,"column":22},"skip":true},"30":{"start":{"line":108,"column":12},"end":{"line":120,"column":13},"skip":true},"31":{"start":{"line":114,"column":16},"end":{"line":119,"column":17},"skip":true},"32":{"start":{"line":116,"column":20},"end":{"line":116,"column":78},"skip":true},"33":{"start":{"line":118,"column":20},"end":{"line":118,"column":47},"skip":true},"34":{"start":{"line":123,"column":8},"end":{"line":141,"column":11},"skip":true},"35":{"start":{"line":124,"column":12},"end":{"line":124,"column":54},"skip":true},"36":{"start":{"line":125,"column":12},"end":{"line":140,"column":14},"skip":true},"37":{"start":{"line":126,"column":16},"end":{"line":126,"column":28},"skip":true},"38":{"start":{"line":127,"column":16},"end":{"line":127,"column":69},"skip":true},"39":{"start":{"line":128,"column":16},"end":{"line":128,"column":75},"skip":true},"40":{"start":{"line":129,"column":16},"end":{"line":131,"column":17},"skip":true},"41":{"start":{"line":130,"column":20},"end":{"line":130,"column":27},"skip":true},"42":{"start":{"line":133,"column":16},"end":{"line":137,"column":36},"skip":true},"43":{"start":{"line":134,"column":20},"end":{"line":136,"column":55},"skip":true},"44":{"start":{"line":139,"column":16},"end":{"line":139,"column":57},"skip":true},"45":{"start":{"line":143,"column":8},"end":{"line":147,"column":11},"skip":true},"46":{"start":{"line":144,"column":12},"end":{"line":146,"column":15},"skip":true},"47":{"start":{"line":145,"column":16},"end":{"line":145,"column":70},"skip":true},"48":{"start":{"line":149,"column":8},"end":{"line":149,"column":31},"skip":true},"49":{"start":{"line":150,"column":8},"end":{"line":150,"column":14},"skip":true},"50":{"start":{"line":158,"column":8},"end":{"line":158,"column":31},"skip":true},"51":{"start":{"line":160,"column":8},"end":{"line":160,"column":33},"skip":true},"52":{"start":{"line":161,"column":8},"end":{"line":161,"column":37},"skip":true},"53":{"start":{"line":162,"column":8},"end":{"line":162,"column":35},"skip":true},"54":{"start":{"line":164,"column":8},"end":{"line":164,"column":50},"skip":true},"55":{"start":{"line":166,"column":8},"end":{"line":256,"column":2},"skip":true},"56":{"start":{"line":258,"column":8},"end":{"line":286,"column":9},"skip":true},"57":{"start":{"line":259,"column":12},"end":{"line":269,"column":14},"skip":true},"58":{"start":{"line":271,"column":12},"end":{"line":285,"column":19},"skip":true},"59":{"start":{"line":274,"column":20},"end":{"line":274,"column":35},"skip":true},"60":{"start":{"line":275,"column":20},"end":{"line":284,"column":21},"skip":true},"61":{"start":{"line":277,"column":24},"end":{"line":277,"column":64},"skip":true},"62":{"start":{"line":279,"column":24},"end":{"line":279,"column":40},"skip":true},"63":{"start":{"line":281,"column":24},"end":{"line":281,"column":40},"skip":true},"64":{"start":{"line":283,"column":24},"end":{"line":283,"column":39},"skip":true},"65":{"start":{"line":288,"column":8},"end":{"line":290,"column":9},"skip":true},"66":{"start":{"line":289,"column":12},"end":{"line":289,"column":18},"skip":true},"67":{"start":{"line":291,"column":8},"end":{"line":293,"column":54},"skip":true},"68":{"start":{"line":296,"column":8},"end":{"line":301,"column":37},"skip":true},"69":{"start":{"line":303,"column":8},"end":{"line":303,"column":82},"skip":true},"70":{"start":{"line":306,"column":8},"end":{"line":308,"column":9},"skip":true},"71":{"start":{"line":307,"column":12},"end":{"line":307,"column":82},"skip":true},"72":{"start":{"line":310,"column":8},"end":{"line":312,"column":9},"skip":true},"73":{"start":{"line":311,"column":12},"end":{"line":311,"column":18},"skip":true},"74":{"start":{"line":313,"column":8},"end":{"line":313,"column":54},"skip":true},"75":{"start":{"line":314,"column":8},"end":{"line":314,"column":69},"skip":true},"76":{"start":{"line":315,"column":8},"end":{"line":323,"column":36},"skip":true},"77":{"start":{"line":316,"column":12},"end":{"line":316,"column":61},"skip":true},"78":{"start":{"line":317,"column":12},"end":{"line":320,"column":13},"skip":true},"79":{"start":{"line":318,"column":16},"end":{"line":318,"column":75},"skip":true},"80":{"start":{"line":319,"column":16},"end":{"line":319,"column":23},"skip":true},"81":{"start":{"line":321,"column":12},"end":{"line":321,"column":38},"skip":true},"82":{"start":{"line":322,"column":12},"end":{"line":322,"column":27},"skip":true},"83":{"start":{"line":324,"column":8},"end":{"line":324,"column":14},"skip":true}},"branchMap":{"1":{"line":39,"type":"binary-expr","locations":[{"start":{"line":39,"column":23},"end":{"line":39,"column":62}},{"start":{"line":40,"column":20},"end":{"line":40,"column":70}},{"start":{"line":41,"column":20},"end":{"line":41,"column":71}},{"start":{"line":42,"column":20},"end":{"line":42,"column":29}}]},"2":{"line":44,"type":"binary-expr","locations":[{"start":{"line":44,"column":23},"end":{"line":44,"column":37}},{"start":{"line":45,"column":20},"end":{"line":45,"column":61}},{"start":{"line":46,"column":20},"end":{"line":46,"column":70}},{"start":{"line":47,"column":20},"end":{"line":47,"column":26}}]},"3":{"line":51,"type":"cond-expr","locations":[{"start":{"line":52,"column":14},"end":{"line":52,"column":20}},{"start":{"line":53,"column":14},"end":{"line":53,"column":20}}]},"4":{"line":55,"type":"binary-expr","locations":[{"start":{"line":55,"column":16},"end":{"line":55,"column":44}},{"start":{"line":55,"column":49},"end":{"line":57,"column":43}}]},"5":{"line":55,"type":"cond-expr","locations":[{"start":{"line":56,"column":14},"end":{"line":56,"column":53}},{"start":{"line":57,"column":14},"end":{"line":57,"column":43}}]},"6":{"line":61,"type":"switch","locations":[{"start":{"line":68,"column":4},"end":{"line":150,"column":14},"skip":true},{"start":{"line":156,"column":4},"end":{"line":324,"column":14},"skip":true}]},"7":{"line":70,"type":"if","locations":[{"start":{"line":70,"column":12},"end":{"line":70,"column":12},"skip":true},{"start":{"line":70,"column":12},"end":{"line":70,"column":12},"skip":true}]},"8":{"line":70,"type":"binary-expr","locations":[{"start":{"line":70,"column":16},"end":{"line":70,"column":22},"skip":true},{"start":{"line":70,"column":27},"end":{"line":70,"column":32},"skip":true},{"start":{"line":71,"column":20},"end":{"line":71,"column":39},"skip":true},{"start":{"line":72,"column":20},"end":{"line":72,"column":49},"skip":true},{"start":{"line":73,"column":20},"end":{"line":73,"column":58},"skip":true},{"start":{"line":74,"column":20},"end":{"line":74,"column":69},"skip":true}]},"9":{"line":79,"type":"switch","locations":[{"start":{"line":80,"column":20},"end":{"line":80,"column":33},"skip":true},{"start":{"line":81,"column":20},"end":{"line":83,"column":30},"skip":true},{"start":{"line":84,"column":20},"end":{"line":85,"column":49},"skip":true}]},"10":{"line":89,"type":"switch","locations":[{"start":{"line":90,"column":12},"end":{"line":103,"column":22},"skip":true},{"start":{"line":105,"column":12},"end":{"line":106,"column":22},"skip":true}]},"11":{"line":89,"type":"binary-expr","locations":[{"start":{"line":89,"column":20},"end":{"line":89,"column":25},"skip":true},{"start":{"line":89,"column":29},"end":{"line":89,"column":48},"skip":true},{"start":{"line":89,"column":52},"end":{"line":89,"column":74},"skip":true}]},"12":{"line":92,"type":"if","locations":[{"start":{"line":92,"column":16},"end":{"line":92,"column":16},"skip":true},{"start":{"line":92,"column":16},"end":{"line":92,"column":16},"skip":true}]},"13":{"line":108,"type":"if","locations":[{"start":{"line":108,"column":12},"end":{"line":108,"column":12},"skip":true},{"start":{"line":108,"column":12},"end":{"line":108,"column":12},"skip":true}]},"14":{"line":108,"type":"binary-expr","locations":[{"start":{"line":108,"column":16},"end":{"line":108,"column":61},"skip":true},{"start":{"line":108,"column":66},"end":{"line":108,"column":72},"skip":true},{"start":{"line":108,"column":77},"end":{"line":108,"column":82},"skip":true},{"start":{"line":109,"column":20},"end":{"line":109,"column":39},"skip":true},{"start":{"line":110,"column":20},"end":{"line":110,"column":49},"skip":true},{"start":{"line":111,"column":20},"end":{"line":111,"column":58},"skip":true},{"start":{"line":112,"column":20},"end":{"line":112,"column":68},"skip":true}]},"15":{"line":129,"type":"if","locations":[{"start":{"line":129,"column":16},"end":{"line":129,"column":16},"skip":true},{"start":{"line":129,"column":16},"end":{"line":129,"column":16},"skip":true}]},"16":{"line":134,"type":"cond-expr","locations":[{"start":{"line":135,"column":26},"end":{"line":135,"column":29},"skip":true},{"start":{"line":136,"column":26},"end":{"line":136,"column":54},"skip":true}]},"17":{"line":164,"type":"binary-expr","locations":[{"start":{"line":164,"column":27},"end":{"line":164,"column":43},"skip":true},{"start":{"line":164,"column":47},"end":{"line":164,"column":49},"skip":true}]},"18":{"line":258,"type":"if","locations":[{"start":{"line":258,"column":8},"end":{"line":258,"column":8},"skip":true},{"start":{"line":258,"column":8},"end":{"line":258,"column":8},"skip":true}]},"19":{"line":275,"type":"switch","locations":[{"start":{"line":276,"column":20},"end":{"line":277,"column":64},"skip":true},{"start":{"line":278,"column":20},"end":{"line":279,"column":40},"skip":true},{"start":{"line":280,"column":20},"end":{"line":281,"column":40},"skip":true},{"start":{"line":282,"column":20},"end":{"line":283,"column":39},"skip":true}]},"20":{"line":288,"type":"if","locations":[{"start":{"line":288,"column":8},"end":{"line":288,"column":8},"skip":true},{"start":{"line":288,"column":8},"end":{"line":288,"column":8},"skip":true}]},"21":{"line":288,"type":"binary-expr","locations":[{"start":{"line":288,"column":12},"end":{"line":288,"column":40},"skip":true},{"start":{"line":288,"column":44},"end":{"line":288,"column":67},"skip":true}]},"22":{"line":292,"type":"binary-expr","locations":[{"start":{"line":292,"column":12},"end":{"line":292,"column":50},"skip":true},{"start":{"line":293,"column":12},"end":{"line":293,"column":53},"skip":true}]},"23":{"line":297,"type":"binary-expr","locations":[{"start":{"line":297,"column":12},"end":{"line":297,"column":67},"skip":true},{"start":{"line":298,"column":12},"end":{"line":301,"column":36},"skip":true}]},"24":{"line":303,"type":"binary-expr","locations":[{"start":{"line":303,"column":43},"end":{"line":303,"column":75},"skip":true},{"start":{"line":303,"column":79},"end":{"line":303,"column":81},"skip":true}]},"25":{"line":306,"type":"if","locations":[{"start":{"line":306,"column":8},"end":{"line":306,"column":8},"skip":true},{"start":{"line":306,"column":8},"end":{"line":306,"column":8},"skip":true}]},"26":{"line":310,"type":"if","locations":[{"start":{"line":310,"column":8},"end":{"line":310,"column":8},"skip":true},{"start":{"line":310,"column":8},"end":{"line":310,"column":8},"skip":true}]},"27":{"line":313,"type":"binary-expr","locations":[{"start":{"line":313,"column":27},"end":{"line":313,"column":43},"skip":true},{"start":{"line":313,"column":47},"end":{"line":313,"column":53},"skip":true}]},"28":{"line":317,"type":"if","locations":[{"start":{"line":317,"column":12},"end":{"line":317,"column":12},"skip":true},{"start":{"line":317,"column":12},"end":{"line":317,"column":12},"skip":true}]}},"code":["/*","example.js","","quickstart example","","instruction","    1. save this script as example.js","    2. run the shell command:","        $ npm install npmtest-bookshelf && PORT=8081 node example.js","    3. play with the browser-demo on http://127.0.0.1:8081","*/","","","","/* istanbul instrument in package npmtest_bookshelf */","/*jslint","    bitwise: true,","    browser: true,","    maxerr: 8,","    maxlen: 96,","    node: true,","    nomen: true,","    regexp: true,","    stupid: true","*/","(function () {","    'use strict';","    var local;","","","","    // run shared js-env code - pre-init","    (function () {","        // init local","        local = {};","        // init modeJs","        local.modeJs = (function () {","            try {","                return typeof navigator.userAgent === 'string' &&","                    typeof document.querySelector('body') === 'object' &&","                    typeof XMLHttpRequest.prototype.open === 'function' &&","                    'browser';","            } catch (errorCaughtBrowser) {","                return module.exports &&","                    typeof process.versions.node === 'string' &&","                    typeof require('http').createServer === 'function' &&","                    'node';","            }","        }());","        // init global","        local.global = local.modeJs === 'browser'","            ? window","            : global;","        // init utility2_rollup","        local = local.global.utility2_rollup || (local.modeJs === 'browser'","            ? local.global.utility2_npmtest_bookshelf","            : global.utility2_moduleExports);","        // export local","        local.global.local = local;","    }());","    switch (local.modeJs) {","","","","    // post-init","    // run browser js-env code - post-init","    /* istanbul ignore next */","    case 'browser':","        local.testRunBrowser = function (event) {","            if (!event || (event &&","                    event.currentTarget &&","                    event.currentTarget.className &&","                    event.currentTarget.className.includes &&","                    event.currentTarget.className.includes('onreset'))) {","                // reset output","                Array.from(","                    document.querySelectorAll('body > .resettable')","                ).forEach(function (element) {","                    switch (element.tagName) {","                    case 'INPUT':","                    case 'TEXTAREA':","                        element.value = '';","                        break;","                    default:","                        element.textContent = '';","                    }","                });","            }","            switch (event && event.currentTarget && event.currentTarget.id) {","            case 'testRunButton1':","                // show tests","                if (document.querySelector('#testReportDiv1').style.display === 'none') {","                    document.querySelector('#testReportDiv1').style.display = 'block';","                    document.querySelector('#testRunButton1').textContent =","                        'hide internal test';","                    local.modeTest = true;","                    local.testRunDefault(local);","                // hide tests","                } else {","                    document.querySelector('#testReportDiv1').style.display = 'none';","                    document.querySelector('#testRunButton1').textContent = 'run internal test';","                }","                break;","            // custom-case","            default:","                break;","            }","            if (document.querySelector('#inputTextareaEval1') && (!event || (event &&","                    event.currentTarget &&","                    event.currentTarget.className &&","                    event.currentTarget.className.includes &&","                    event.currentTarget.className.includes('oneval')))) {","                // try to eval input-code","                try {","                    /*jslint evil: true*/","                    eval(document.querySelector('#inputTextareaEval1').value);","                } catch (errorCaught) {","                    console.error(errorCaught);","                }","            }","        };","        // log stderr and stdout to #outputTextareaStdout1","        ['error', 'log'].forEach(function (key) {","            console[key + '_original'] = console[key];","            console[key] = function () {","                var element;","                console[key + '_original'].apply(console, arguments);","                element = document.querySelector('#outputTextareaStdout1');","                if (!element) {","                    return;","                }","                // append text to #outputTextareaStdout1","                element.value += Array.from(arguments).map(function (arg) {","                    return typeof arg === 'string'","                        ? arg","                        : JSON.stringify(arg, null, 4);","                }).join(' ') + '\\n';","                // scroll textarea to bottom","                element.scrollTop = element.scrollHeight;","            };","        });","        // init event-handling","        ['change', 'click', 'keyup'].forEach(function (event) {","            Array.from(document.querySelectorAll('.on' + event)).forEach(function (element) {","                element.addEventListener(event, local.testRunBrowser);","            });","        });","        // run tests","        local.testRunBrowser();","        break;","","","","    // run node js-env code - post-init","    /* istanbul ignore next */","    case 'node':","        // export local","        module.exports = local;","        // require modules","        local.fs = require('fs');","        local.http = require('http');","        local.url = require('url');","        // init assets","        local.assetsDict = local.assetsDict || {};","        /* jslint-ignore-begin */","        local.assetsDict['/assets.index.template.html'] = '\\","<!doctype html>\\n\\","<html lang=\"en\">\\n\\","<head>\\n\\","<meta charset=\"UTF-8\">\\n\\","<meta name=\"viewport\" content=\"width=device-width, initial-scale=1\">\\n\\","<title>{{env.npm_package_name}} (v{{env.npm_package_version}})</title>\\n\\","<style>\\n\\","/*csslint\\n\\","    box-sizing: false,\\n\\","    universal-selector: false\\n\\","*/\\n\\","* {\\n\\","    box-sizing: border-box;\\n\\","}\\n\\","body {\\n\\","    background: #dde;\\n\\","    font-family: Arial, Helvetica, sans-serif;\\n\\","    margin: 2rem;\\n\\","}\\n\\","body > * {\\n\\","    margin-bottom: 1rem;\\n\\","}\\n\\",".utility2FooterDiv {\\n\\","    margin-top: 20px;\\n\\","    text-align: center;\\n\\","}\\n\\","</style>\\n\\","<style>\\n\\","/*csslint\\n\\","*/\\n\\","textarea {\\n\\","    font-family: monospace;\\n\\","    height: 10rem;\\n\\","    width: 100%;\\n\\","}\\n\\","textarea[readonly] {\\n\\","    background: #ddd;\\n\\","}\\n\\","</style>\\n\\","</head>\\n\\","<body>\\n\\","<!-- utility2-comment\\n\\","<div id=\"ajaxProgressDiv1\" style=\"background: #d00; height: 2px; left: 0; margin: 0; padding: 0; position: fixed; top: 0; transition: background 0.5s, width 1.5s; width: 25%;\"></div>\\n\\","utility2-comment -->\\n\\","<h1>\\n\\","<!-- utility2-comment\\n\\","    <a\\n\\","        {{#if env.npm_package_homepage}}\\n\\","        href=\"{{env.npm_package_homepage}}\"\\n\\","        {{/if env.npm_package_homepage}}\\n\\","        target=\"_blank\"\\n\\","    >\\n\\","utility2-comment -->\\n\\","        {{env.npm_package_name}} (v{{env.npm_package_version}})\\n\\","<!-- utility2-comment\\n\\","    </a>\\n\\","utility2-comment -->\\n\\","</h1>\\n\\","<h3>{{env.npm_package_description}}</h3>\\n\\","<!-- utility2-comment\\n\\","<h4><a download href=\"assets.app.js\">download standalone app</a></h4>\\n\\","<button class=\"onclick onreset\" id=\"testRunButton1\">run internal test</button><br>\\n\\","<div id=\"testReportDiv1\" style=\"display: none;\"></div>\\n\\","utility2-comment -->\\n\\","\\n\\","\\n\\","\\n\\","<label>stderr and stdout</label>\\n\\","<textarea class=\"resettable\" id=\"outputTextareaStdout1\" readonly></textarea>\\n\\","<!-- utility2-comment\\n\\","{{#if isRollup}}\\n\\","<script src=\"assets.app.js\"></script>\\n\\","{{#unless isRollup}}\\n\\","utility2-comment -->\\n\\","<script src=\"assets.utility2.rollup.js\"></script>\\n\\","<script src=\"jsonp.utility2._stateInit?callback=window.utility2._stateInit\"></script>\\n\\","<script src=\"assets.npmtest_bookshelf.rollup.js\"></script>\\n\\","<script src=\"assets.example.js\"></script>\\n\\","<script src=\"assets.test.js\"></script>\\n\\","<!-- utility2-comment\\n\\","{{/if isRollup}}\\n\\","utility2-comment -->\\n\\","<div class=\"utility2FooterDiv\">\\n\\","    [ this app was created with\\n\\","    <a href=\"https://github.com/kaizhu256/node-utility2\" target=\"_blank\">utility2</a>\\n\\","    ]\\n\\","</div>\\n\\","</body>\\n\\","</html>\\n\\","';","        /* jslint-ignore-end */","        if (local.templateRender) {","            local.assetsDict['/'] = local.templateRender(","                local.assetsDict['/assets.index.template.html'],","                {","                    env: local.objectSetDefault(local.env, {","                        npm_package_description: 'the greatest app in the world!',","                        npm_package_name: 'my-app',","                        npm_package_nameAlias: 'my_app',","                        npm_package_version: '0.0.1'","                    })","                }","            );","        } else {","            local.assetsDict['/'] = local.assetsDict['/assets.index.template.html']","                .replace((/\\{\\{env\\.(\\w+?)\\}\\}/g), function (match0, match1) {","                    // jslint-hack","                    String(match0);","                    switch (match1) {","                    case 'npm_package_description':","                        return 'the greatest app in the world!';","                    case 'npm_package_name':","                        return 'my-app';","                    case 'npm_package_nameAlias':","                        return 'my_app';","                    case 'npm_package_version':","                        return '0.0.1';","                    }","                });","        }","        // run the cli","        if (local.global.utility2_rollup || module !== require.main) {","            break;","        }","        local.assetsDict['/assets.example.js'] =","            local.assetsDict['/assets.example.js'] ||","            local.fs.readFileSync(__filename, 'utf8');","        // bug-workaround - long $npm_package_buildCustomOrg","        /* jslint-ignore-begin */","        local.assetsDict['/assets.npmtest_bookshelf.rollup.js'] =","            local.assetsDict['/assets.npmtest_bookshelf.rollup.js'] ||","            local.fs.readFileSync(","                local.npmtest_bookshelf.__dirname + '/lib.npmtest_bookshelf.js',","                'utf8'","            ).replace((/^#!/), '//');","        /* jslint-ignore-end */","        local.assetsDict['/favicon.ico'] = local.assetsDict['/favicon.ico'] || '';","        // if $npm_config_timeout_exit exists,","        // then exit this process after $npm_config_timeout_exit ms","        if (Number(process.env.npm_config_timeout_exit)) {","            setTimeout(process.exit, Number(process.env.npm_config_timeout_exit));","        }","        // start server","        if (local.global.utility2_serverHttp1) {","            break;","        }","        process.env.PORT = process.env.PORT || '8081';","        console.error('server starting on port ' + process.env.PORT);","        local.http.createServer(function (request, response) {","            request.urlParsed = local.url.parse(request.url);","            if (local.assetsDict[request.urlParsed.pathname] !== undefined) {","                response.end(local.assetsDict[request.urlParsed.pathname]);","                return;","            }","            response.statusCode = 404;","            response.end();","        }).listen(process.env.PORT);","        break;","    }","}());",""],"l":{"26":2,"28":2,"33":2,"35":2,"37":2,"38":2,"39":2,"44":1,"51":2,"55":2,"59":2,"61":2,"69":1,"70":2,"76":2,"79":2,"82":2,"83":2,"85":1,"89":2,"92":1,"93":1,"94":1,"96":1,"97":1,"100":1,"101":1,"103":1,"106":1,"108":2,"114":1,"116":1,"118":1,"123":1,"124":2,"125":2,"126":3,"127":3,"128":3,"129":3,"130":1,"133":3,"134":3,"139":3,"143":1,"144":3,"145":1,"149":1,"150":1,"158":1,"160":1,"161":1,"162":1,"164":1,"166":1,"258":1,"259":1,"271":1,"274":6,"275":6,"277":1,"279":2,"281":1,"283":2,"288":1,"289":1,"291":1,"296":1,"303":1,"306":1,"307":1,"310":1,"311":1,"313":1,"314":1,"315":1,"316":1,"317":1,"318":1,"319":1,"321":1,"322":1,"324":1}},"/home/travis/build/npmtest/node-npmtest-bookshelf/node_modules/bookshelf/bookshelf.js":{"path":"/home/travis/build/npmtest/node-npmtest-bookshelf/node_modules/bookshelf/bookshelf.js","s":{"1":1},"b":{},"f":{},"fnMap":{},"statementMap":{"1":{"start":{"line":8,"column":0},"end":{"line":8,"column":52}}},"branchMap":{},"code":["/**"," * (c) 2013-present Tim Griesser"," * Bookshelf may be freely distributed under the MIT license."," * For all details and documentation:"," * http://bookshelfjs.org"," *"," */","module.exports = require('./lib/bookshelf').default;",""],"l":{"8":1}},"/home/travis/build/npmtest/node-npmtest-bookshelf/node_modules/bookshelf/lib/bookshelf.js":{"path":"/home/travis/build/npmtest/node-npmtest-bookshelf/node_modules/bookshelf/lib/bookshelf.js","s":{"1":1,"2":1,"3":1,"4":1,"5":1,"6":1,"7":1,"8":1,"9":1,"10":1,"11":1,"12":1,"13":1,"14":1,"15":1,"16":6,"17":1,"18":0,"19":0,"20":0,"21":0,"22":0,"23":0,"24":0,"25":0,"26":0,"27":0,"28":0,"29":0,"30":0,"31":0,"32":0,"33":0,"34":0,"35":0,"36":0,"37":0,"38":0,"39":0,"40":0,"41":0,"42":0,"43":0,"44":0,"45":0,"46":1,"47":0,"48":1,"49":0,"50":0,"51":0,"52":0,"53":0,"54":0,"55":0,"56":0,"57":0,"58":0,"59":0,"60":0,"61":0,"62":0,"63":1,"64":0,"65":0,"66":1},"b":{"1":[3,3],"2":[6,6],"3":[0,0],"4":[0,0],"5":[0,0],"6":[0,0],"7":[0,0],"8":[0,0],"9":[0,0],"10":[0,0],"11":[0,0]},"f":{"1":6,"2":0,"3":0,"4":0,"5":0,"6":0,"7":0,"8":0,"9":0,"10":0,"11":0,"12":0,"13":0,"14":0,"15":0},"fnMap":{"1":{"name":"_interopRequireDefault","line":33,"loc":{"start":{"line":33,"column":0},"end":{"line":33,"column":37}}},"2":{"name":"Bookshelf","line":49,"loc":{"start":{"line":49,"column":0},"end":{"line":49,"column":25}}},"3":{"name":"_relation","line":62,"loc":{"start":{"line":62,"column":15},"end":{"line":62,"column":57}}},"4":{"name":"collection","line":109,"loc":{"start":{"line":109,"column":16},"end":{"line":109,"column":53}}},"5":{"name":"count","line":131,"loc":{"start":{"line":131,"column":11},"end":{"line":131,"column":43}}},"6":{"name":"fetchAll","line":146,"loc":{"start":{"line":146,"column":14},"end":{"line":146,"column":41}}},"7":{"name":"transaction","line":246,"loc":{"start":{"line":246,"column":17},"end":{"line":246,"column":40}}},"8":{"name":"plugin","line":267,"loc":{"start":{"line":267,"column":12},"end":{"line":267,"column":46}}},"9":{"name":"(anonymous_9)","line":282,"loc":{"start":{"line":282,"column":35},"end":{"line":282,"column":48}}},"10":{"name":"forge","line":304,"loc":{"start":{"line":304,"column":2},"end":{"line":304,"column":19}}},"11":{"name":"builderFn","line":308,"loc":{"start":{"line":308,"column":2},"end":{"line":308,"column":41}}},"12":{"name":"(anonymous_12)","line":324,"loc":{"start":{"line":324,"column":31},"end":{"line":324,"column":47}}},"13":{"name":"(anonymous_13)","line":330,"loc":{"start":{"line":330,"column":29},"end":{"line":330,"column":47}}},"14":{"name":"(anonymous_14)","line":331,"loc":{"start":{"line":331,"column":41},"end":{"line":331,"column":53}}},"15":{"name":"(anonymous_15)","line":348,"loc":{"start":{"line":348,"column":23},"end":{"line":348,"column":39}}}},"statementMap":{"1":{"start":{"line":3,"column":0},"end":{"line":5,"column":3}},"2":{"start":{"line":7,"column":0},"end":{"line":7,"column":32}},"3":{"start":{"line":9,"column":0},"end":{"line":9,"column":36}},"4":{"start":{"line":11,"column":0},"end":{"line":11,"column":49}},"5":{"start":{"line":13,"column":0},"end":{"line":13,"column":39}},"6":{"start":{"line":15,"column":0},"end":{"line":15,"column":47}},"7":{"start":{"line":17,"column":0},"end":{"line":17,"column":32}},"8":{"start":{"line":19,"column":0},"end":{"line":19,"column":45}},"9":{"start":{"line":21,"column":0},"end":{"line":21,"column":42}},"10":{"start":{"line":23,"column":0},"end":{"line":23,"column":55}},"11":{"start":{"line":25,"column":0},"end":{"line":25,"column":39}},"12":{"start":{"line":27,"column":0},"end":{"line":27,"column":52}},"13":{"start":{"line":29,"column":0},"end":{"line":29,"column":34}},"14":{"start":{"line":31,"column":0},"end":{"line":31,"column":47}},"15":{"start":{"line":33,"column":0},"end":{"line":33,"column":95}},"16":{"start":{"line":33,"column":39},"end":{"line":33,"column":93}},"17":{"start":{"line":49,"column":0},"end":{"line":338,"column":1}},"18":{"start":{"line":50,"column":2},"end":{"line":52,"column":4}},"19":{"start":{"line":54,"column":2},"end":{"line":149,"column":5}},"20":{"start":{"line":63,"column":6},"end":{"line":65,"column":7}},"21":{"start":{"line":64,"column":8},"end":{"line":64,"column":141}},"22":{"start":{"line":66,"column":6},"end":{"line":66,"column":49}},"23":{"start":{"line":110,"column":6},"end":{"line":110,"column":103}},"24":{"start":{"line":132,"column":6},"end":{"line":132,"column":49}},"25":{"start":{"line":147,"column":6},"end":{"line":147,"column":44}},"26":{"start":{"line":151,"column":2},"end":{"line":188,"column":5}},"27":{"start":{"line":192,"column":2},"end":{"line":192,"column":37}},"28":{"start":{"line":193,"column":2},"end":{"line":193,"column":42}},"29":{"start":{"line":195,"column":2},"end":{"line":197,"column":5}},"30":{"start":{"line":203,"column":2},"end":{"line":290,"column":5}},"31":{"start":{"line":247,"column":6},"end":{"line":247,"column":58}},"32":{"start":{"line":268,"column":6},"end":{"line":268,"column":23}},"33":{"start":{"line":270,"column":6},"end":{"line":287,"column":7}},"34":{"start":{"line":271,"column":8},"end":{"line":280,"column":9}},"35":{"start":{"line":272,"column":10},"end":{"line":272,"column":57}},"36":{"start":{"line":274,"column":10},"end":{"line":276,"column":11}},"37":{"start":{"line":275,"column":12},"end":{"line":275,"column":20}},"38":{"start":{"line":277,"column":10},"end":{"line":279,"column":11}},"39":{"start":{"line":278,"column":12},"end":{"line":278,"column":44}},"40":{"start":{"line":281,"column":13},"end":{"line":287,"column":7}},"41":{"start":{"line":282,"column":8},"end":{"line":284,"column":11}},"42":{"start":{"line":283,"column":10},"end":{"line":283,"column":35}},"43":{"start":{"line":286,"column":8},"end":{"line":286,"column":31}},"44":{"start":{"line":288,"column":6},"end":{"line":288,"column":18}},"45":{"start":{"line":299,"column":2},"end":{"line":299,"column":24}},"46":{"start":{"line":304,"column":2},"end":{"line":306,"column":3}},"47":{"start":{"line":305,"column":4},"end":{"line":305,"column":109}},"48":{"start":{"line":308,"column":2},"end":{"line":327,"column":3}},"49":{"start":{"line":309,"column":4},"end":{"line":309,"column":22}},"50":{"start":{"line":311,"column":4},"end":{"line":311,"column":23}},"51":{"start":{"line":313,"column":4},"end":{"line":322,"column":5}},"52":{"start":{"line":314,"column":6},"end":{"line":314,"column":51}},"53":{"start":{"line":315,"column":11},"end":{"line":322,"column":5}},"54":{"start":{"line":316,"column":6},"end":{"line":316,"column":46}},"55":{"start":{"line":321,"column":6},"end":{"line":321,"column":35}},"56":{"start":{"line":324,"column":4},"end":{"line":326,"column":7}},"57":{"start":{"line":325,"column":6},"end":{"line":325,"column":43}},"58":{"start":{"line":330,"column":2},"end":{"line":335,"column":5}},"59":{"start":{"line":331,"column":4},"end":{"line":334,"column":6}},"60":{"start":{"line":332,"column":6},"end":{"line":332,"column":31}},"61":{"start":{"line":333,"column":6},"end":{"line":333,"column":51}},"62":{"start":{"line":337,"column":2},"end":{"line":337,"column":19}},"63":{"start":{"line":348,"column":0},"end":{"line":351,"column":2}},"64":{"start":{"line":349,"column":2},"end":{"line":349,"column":111}},"65":{"start":{"line":350,"column":2},"end":{"line":350,"column":29}},"66":{"start":{"line":354,"column":0},"end":{"line":354,"column":28}}},"branchMap":{"1":{"line":33,"type":"cond-expr","locations":[{"start":{"line":33,"column":70},"end":{"line":33,"column":73}},{"start":{"line":33,"column":76},"end":{"line":33,"column":92}}]},"2":{"line":33,"type":"binary-expr","locations":[{"start":{"line":33,"column":46},"end":{"line":33,"column":49}},{"start":{"line":33,"column":53},"end":{"line":33,"column":67}}]},"3":{"line":63,"type":"if","locations":[{"start":{"line":63,"column":6},"end":{"line":63,"column":6}},{"start":{"line":63,"column":6},"end":{"line":63,"column":6}}]},"4":{"line":63,"type":"binary-expr","locations":[{"start":{"line":63,"column":10},"end":{"line":63,"column":28}},{"start":{"line":63,"column":32},"end":{"line":63,"column":64}}]},"5":{"line":110,"type":"binary-expr","locations":[{"start":{"line":110,"column":38},"end":{"line":110,"column":44}},{"start":{"line":110,"column":48},"end":{"line":110,"column":50}}]},"6":{"line":270,"type":"if","locations":[{"start":{"line":270,"column":6},"end":{"line":270,"column":6}},{"start":{"line":270,"column":6},"end":{"line":270,"column":6}}]},"7":{"line":274,"type":"if","locations":[{"start":{"line":274,"column":10},"end":{"line":274,"column":10}},{"start":{"line":274,"column":10},"end":{"line":274,"column":10}}]},"8":{"line":277,"type":"if","locations":[{"start":{"line":277,"column":10},"end":{"line":277,"column":10}},{"start":{"line":277,"column":10},"end":{"line":277,"column":10}}]},"9":{"line":281,"type":"if","locations":[{"start":{"line":281,"column":13},"end":{"line":281,"column":13}},{"start":{"line":281,"column":13},"end":{"line":281,"column":13}}]},"10":{"line":313,"type":"if","locations":[{"start":{"line":313,"column":4},"end":{"line":313,"column":4}},{"start":{"line":313,"column":4},"end":{"line":313,"column":4}}]},"11":{"line":315,"type":"if","locations":[{"start":{"line":315,"column":11},"end":{"line":315,"column":11}},{"start":{"line":315,"column":11},"end":{"line":315,"column":11}}]}},"code":["'use strict';","","Object.defineProperty(exports, \"__esModule\", {","  value: true","});","","var _lodash = require('lodash');","","var _helpers = require('./helpers');","","var _helpers2 = _interopRequireDefault(_helpers);","","var _events = require('./base/events');","","var _events2 = _interopRequireDefault(_events);","","var _model = require('./model');","","var _model2 = _interopRequireDefault(_model);","","var _collection = require('./collection');","","var _collection2 = _interopRequireDefault(_collection);","","var _relation2 = require('./relation');","","var _relation3 = _interopRequireDefault(_relation2);","","var _errors = require('./errors');","","var _errors2 = _interopRequireDefault(_errors);","","function _interopRequireDefault(obj) { return obj && obj.__esModule ? obj : { default: obj }; }","","/**"," * @class Bookshelf"," * @classdesc"," *"," * The Bookshelf library is initialized by passing an initialized Knex client"," * instance. The knex documentation provides a number of examples for different"," * databases."," *"," * @constructor"," * @param {Knex} knex Knex instance."," */","","","// All core modules required for the bookshelf instance.","function Bookshelf(knex) {","  var bookshelf = {","    VERSION: require('../package.json').version","  };","","  var Model = bookshelf.Model = _model2.default.extend({","","    _builder: builderFn,","","    // The `Model` constructor is referenced as a property on the `Bookshelf`","    // instance, mixing in the correct `builder` method, as well as the","    // `relation` method, passing in the correct `Model` & `Collection`","    // constructors for later reference.","    _relation: function _relation(type, Target, options) {","      if (type !== 'morphTo' && !(0, _lodash.isFunction)(Target)) {","        throw new Error('A valid target model must be defined for the ' + (0, _lodash.result)(this, 'tableName') + ' ' + type + ' relation');","      }","      return new Relation(type, Target, options);","    }","  }, {","","    /**","     * @method Model.forge","     * @belongsTo Model","     * @description","     *","     * A simple helper function to instantiate a new Model without needing `new`.","     *","     * @param {Object=} attributes Initial values for this model's attributes.","     * @param {Object=}  options               Hash of options.","     * @param {string=}  options.tableName     Initial value for {@linkcode Model#tableName tableName}.","     * @param {boolean=} [options.hasTimestamps=false]","     *","     *   Initial value for {@linkcode Model#hasTimestamps hasTimestamps}.","     *","     * @param {boolean} [options.parse=false]","     *","     *   Convert attributes by {@linkcode Model#parse parse} before being","     *   {@linkcode Model#set set} on the `model`.","     */","    forge: forge,","","    /**","     * @method Model.collection","     * @belongsTo Model","     * @description","     *","     * A simple static helper to instantiate a new {@link Collection}, setting","     * the current `model` as the collection's target.","     *","     * @example","     *","     * Customer.collection().fetch().then(function(collection) {","     *   // ...","     * });","     *","     * @param {(Model[])=} models","     * @param {Object=} options","     * @returns {Collection}","     */","    collection: function collection(models, options) {","      return new bookshelf.Collection(models || [], (0, _lodash.extend)({}, options, { model: this }));","    },","","","    /**","     * @method Model.count","     * @belongsTo Model","     * @since 0.8.2","     * @description","     *","     * Gets the number of matching records in the database, respecting any","     * previous calls to {@link Model#query query}. If a `column` is provided,","     * records with a null value in that column will be excluded from the count.","     *","     * @param {string} [column='*']","     *   Specify a column to count - rows with null values in this column will be excluded.","     * @param {Object=} options","     *   Hash of options.","     * @returns {Promise<Number>}","     *   A promise resolving to the number of matching rows.","     */","    count: function count(column, options) {","      return this.forge().count(column, options);","    },","","","    /**","     * @method Model.fetchAll","     * @belongsTo Model","     * @description","     *","     * Simple helper function for retrieving all instances of the given model.","     *","     * @see Model#fetchAll","     * @returns {Promise<Collection>}","     */","    fetchAll: function fetchAll(options) {","      return this.forge().fetchAll(options);","    }","  });","","  var Collection = bookshelf.Collection = _collection2.default.extend({","","    _builder: builderFn","","  }, {","","    /**","     * @method Collection.forge","     * @belongsTo Collection","     * @description","     *","     * A simple helper function to instantiate a new Collection without needing","     * new.","     *","     * @param {(Object[]|Model[])=} [models]","     *   Set of models (or attribute hashes) with which to initialize the","     *   collection.","     * @param {Object} options Hash of options.","     *","     * @example","     *","     * var Promise = require('bluebird');","     * var Accounts = bookshelf.Collection.extend({","     *   model: Account","     * });","     *","     * var accounts = Accounts.forge([","     *   {name: 'Person1'},","     *   {name: 'Person2'}","     * ]);","     *","     * Promise.all(accounts.invoke('save')).then(function() {","     *   // collection models should now be saved...","     * });","     */","    forge: forge","","  });","","  // The collection also references the correct `Model`, specified above, for","  // creating new `Model` instances in the collection.","  Collection.prototype.model = Model;","  Model.prototype.Collection = Collection;","","  var Relation = _relation3.default.extend({","    Model: Model, Collection: Collection","  });","","  // A `Bookshelf` instance may be used as a top-level pub-sub bus, as it mixes","  // in the `Events` object. It also contains the version number, and a","  // `Transaction` method referencing the correct version of `knex` passed into","  // the object.","  (0, _lodash.extend)(bookshelf, _events2.default, _errors2.default, {","","    /**","     * @method Bookshelf#transaction","     * @memberOf Bookshelf","     * @description","     *","     * An alias to `{@link http://knexjs.org/#Transactions","     * Knex#transaction}`, the `transaction` object must be passed along in the","     * options of any relevant Bookshelf calls, to ensure all queries are on the","     * same connection. The entire transaction block is a promise that will","     * resolve when the transaction is committed, or fail if the transaction is","     * rolled back.","     *","     *     var Promise = require('bluebird');","     *","     *     Bookshelf.transaction(function(t) {","     *       return new Library({name: 'Old Books'})","     *         .save(null, {transacting: t})","     *         .tap(function(model) {","     *           return Promise.map([","     *             {title: 'Canterbury Tales'},","     *             {title: 'Moby Dick'},","     *             {title: 'Hamlet'}","     *           ], function(info) {","     *             // Some validation could take place here.","     *             return new Book(info).save({'shelf_id': model.id}, {transacting: t});","     *           });","     *         });","     *     }).then(function(library) {","     *       console.log(library.related('books').pluck('title'));","     *     }).catch(function(err) {","     *       console.error(err);","     *     });","     *","     * @param {Bookshelf~transactionCallback} transactionCallback","     *    Callback containing transaction logic. The callback should return a","     *    promise.","     *","     * @returns {Promise<mixed>}","     *    A promise resolving to the value returned from {@link","     *    Bookshelf~transactionCallback transactionCallback}.","     */","    transaction: function transaction() {","      return this.knex.transaction.apply(this, arguments);","    },","","","    /**","     * @callback Bookshelf~transactionCallback","     * @description","     *","     * A transaction block to be provided to {@link Bookshelf#transaction}.","     *","     * @see {@link http://knexjs.org/#Transactions Knex#transaction}","     * @see Bookshelf#transaction","     *","     * @param {Transaction} transaction","     * @returns {Promise<mixed>}","     */","","    // Provides a nice, tested, standardized way of adding plugins to a","    // `Bookshelf` instance, injecting the current instance into the plugin,","    // which should be a module.exports.","    plugin: function plugin(_plugin, options) {","      var _this = this;","","      if ((0, _lodash.isString)(_plugin)) {","        try {","          require('./plugins/' + _plugin)(this, options);","        } catch (e) {","          if (e.code !== 'MODULE_NOT_FOUND') {","            throw e;","          }","          if (!process.browser) {","            require(_plugin)(this, options);","          }","        }","      } else if ((0, _lodash.isArray)(_plugin)) {","        (0, _lodash.each)(_plugin, function (p) {","          _this.plugin(p, options);","        });","      } else {","        _plugin(this, options);","      }","      return this;","    }","  });","","  /**","   * @member Bookshelf#knex","   * @memberOf Bookshelf","   * @type {Knex}","   * @description","   * A reference to the {@link http://knexjs.org Knex.js} instance being used by Bookshelf.","   */","  bookshelf.knex = knex;","","  // The `forge` function properly instantiates a new Model or Collection","  // without needing the `new` operator... to make object creation cleaner","  // and more chainable.","  function forge() {","    return new (Function.prototype.bind.apply(this, [null].concat(Array.prototype.slice.call(arguments))))();","  }","","  function builderFn(tableNameOrBuilder) {","    var _this2 = this;","","    var builder = null;","","    if ((0, _lodash.isString)(tableNameOrBuilder)) {","      builder = bookshelf.knex(tableNameOrBuilder);","    } else if (tableNameOrBuilder == null) {","      builder = bookshelf.knex.queryBuilder();","    } else {","      // Assuming here that `tableNameOrBuilder` is a QueryBuilder instance. Not","      // aware of a way to check that this is the case (ie. using","      // `Knex.isQueryBuilder` or equivalent).","      builder = tableNameOrBuilder;","    }","","    return builder.on('query', function (data) {","      return _this2.trigger('query', data);","    });","  }","","  // Attach `where`, `query`, and `fetchAll` as static methods.","  ['where', 'query'].forEach(function (method) {","    Model[method] = Collection[method] = function () {","      var model = this.forge();","      return model[method].apply(model, arguments);","    };","  });","","  return bookshelf;","}","","// Constructor for a new `Bookshelf` object, it accepts an active `knex`","// instance and initializes the appropriate `Model` and `Collection`","// constructors for use in the current instance.","","","// We've supplemented `Events` with a `triggerThen` method to allow for","// asynchronous event handling via promises. We also mix this into the","// prototypes of the main objects in the library.","Bookshelf.initialize = function (knex) {","  _helpers2.default.warn(\"Bookshelf.initialize is deprecated, pass knex directly: require('bookshelf')(knex)\");","  return new Bookshelf(knex);","};","","// Finally, export `Bookshelf` to the world.","exports.default = Bookshelf;"],"l":{"3":1,"7":1,"9":1,"11":1,"13":1,"15":1,"17":1,"19":1,"21":1,"23":1,"25":1,"27":1,"29":1,"31":1,"33":6,"49":1,"50":0,"54":0,"63":0,"64":0,"66":0,"110":0,"132":0,"147":0,"151":0,"192":0,"193":0,"195":0,"203":0,"247":0,"268":0,"270":0,"271":0,"272":0,"274":0,"275":0,"277":0,"278":0,"281":0,"282":0,"283":0,"286":0,"288":0,"299":0,"304":1,"305":0,"308":1,"309":0,"311":0,"313":0,"314":0,"315":0,"316":0,"321":0,"324":0,"325":0,"330":0,"331":0,"332":0,"333":0,"337":0,"348":1,"349":0,"350":0,"354":1}},"/home/travis/build/npmtest/node-npmtest-bookshelf/node_modules/bookshelf/lib/helpers.js":{"path":"/home/travis/build/npmtest/node-npmtest-bookshelf/node_modules/bookshelf/lib/helpers.js","s":{"1":1,"2":1,"3":1,"4":0,"5":0,"6":0,"7":0,"8":0,"9":0,"10":0,"11":0,"12":0,"13":0,"14":0,"15":0,"16":0,"17":0,"18":0,"19":0,"20":0,"21":0,"22":0,"23":0,"24":0,"25":0,"26":0,"27":0,"28":0,"29":0,"30":0,"31":0,"32":0,"33":0,"34":0,"35":0,"36":0,"37":0,"38":0,"39":0,"40":0,"41":0,"42":0,"43":0,"44":0,"45":0,"46":0,"47":0,"48":0,"49":0,"50":1},"b":{"1":[0,0],"2":[0,0,0,0],"3":[0,0],"4":[0,0],"5":[0,0],"6":[0,0],"7":[0,0],"8":[0,0],"9":[0,0],"10":[0,0],"11":[0,0],"12":[0,0],"13":[0,0],"14":[0,0],"15":[0,0],"16":[0,0],"17":[0,0],"18":[0,0],"19":[0,0],"20":[0,0]},"f":{"1":0,"2":0,"3":0,"4":0,"5":0,"6":0,"7":0,"8":0,"9":0},"fnMap":{"1":{"name":"saveConstraints","line":13,"loc":{"start":{"line":13,"column":19},"end":{"line":13,"column":64}}},"2":{"name":"morphCandidate","line":24,"loc":{"start":{"line":24,"column":18},"end":{"line":24,"column":68}}},"3":{"name":"(anonymous_3)","line":25,"loc":{"start":{"line":25,"column":36},"end":{"line":25,"column":57}}},"4":{"name":"query","line":39,"loc":{"start":{"line":39,"column":9},"end":{"line":39,"column":35}}},"5":{"name":"error","line":74,"loc":{"start":{"line":74,"column":9},"end":{"line":74,"column":29}}},"6":{"name":"warn","line":78,"loc":{"start":{"line":78,"column":8},"end":{"line":78,"column":27}}},"7":{"name":"deprecate","line":82,"loc":{"start":{"line":82,"column":13},"end":{"line":82,"column":38}}},"8":{"name":"orderBy","line":86,"loc":{"start":{"line":86,"column":11},"end":{"line":86,"column":46}}},"9":{"name":"(anonymous_9)","line":115,"loc":{"start":{"line":115,"column":21},"end":{"line":115,"column":35}}}},"statementMap":{"1":{"start":{"line":7,"column":0},"end":{"line":7,"column":26}},"2":{"start":{"line":8,"column":0},"end":{"line":8,"column":29}},"3":{"start":{"line":10,"column":0},"end":{"line":119,"column":2}},"4":{"start":{"line":14,"column":4},"end":{"line":14,"column":18}},"5":{"start":{"line":15,"column":4},"end":{"line":18,"column":5}},"6":{"start":{"line":16,"column":6},"end":{"line":16,"column":109}},"7":{"start":{"line":17,"column":6},"end":{"line":17,"column":99}},"8":{"start":{"line":17,"column":33},"end":{"line":17,"column":99}},"9":{"start":{"line":19,"column":4},"end":{"line":19,"column":40}},"10":{"start":{"line":25,"column":4},"end":{"line":27,"column":7}},"11":{"start":{"line":26,"column":6},"end":{"line":26,"column":73}},"12":{"start":{"line":28,"column":4},"end":{"line":30,"column":5}},"13":{"start":{"line":29,"column":6},"end":{"line":29,"column":68}},"14":{"start":{"line":31,"column":4},"end":{"line":31,"column":18}},"15":{"start":{"line":42,"column":4},"end":{"line":45,"column":5}},"16":{"start":{"line":43,"column":6},"end":{"line":43,"column":49}},"17":{"start":{"line":44,"column":6},"end":{"line":44,"column":42}},"18":{"start":{"line":48,"column":4},"end":{"line":48,"column":44}},"19":{"start":{"line":48,"column":27},"end":{"line":48,"column":44}},"20":{"start":{"line":50,"column":4},"end":{"line":50,"column":25}},"21":{"start":{"line":52,"column":4},"end":{"line":70,"column":5}},"22":{"start":{"line":56,"column":6},"end":{"line":56,"column":40}},"23":{"start":{"line":57,"column":11},"end":{"line":70,"column":5}},"24":{"start":{"line":61,"column":6},"end":{"line":64,"column":7}},"25":{"start":{"line":62,"column":8},"end":{"line":62,"column":74}},"26":{"start":{"line":63,"column":8},"end":{"line":63,"column":48}},"27":{"start":{"line":69,"column":6},"end":{"line":69,"column":56}},"28":{"start":{"line":71,"column":4},"end":{"line":71,"column":15}},"29":{"start":{"line":75,"column":4},"end":{"line":75,"column":32}},"30":{"start":{"line":79,"column":4},"end":{"line":79,"column":35}},"31":{"start":{"line":83,"column":4},"end":{"line":83,"column":75}},"32":{"start":{"line":88,"column":4},"end":{"line":88,"column":27}},"33":{"start":{"line":89,"column":4},"end":{"line":89,"column":29}},"34":{"start":{"line":91,"column":4},"end":{"line":97,"column":5}},"35":{"start":{"line":92,"column":6},"end":{"line":92,"column":48}},"36":{"start":{"line":93,"column":6},"end":{"line":93,"column":93}},"37":{"start":{"line":95,"column":6},"end":{"line":95,"column":54}},"38":{"start":{"line":96,"column":6},"end":{"line":96,"column":105}},"39":{"start":{"line":99,"column":4},"end":{"line":99,"column":23}},"40":{"start":{"line":101,"column":4},"end":{"line":107,"column":5}},"41":{"start":{"line":102,"column":6},"end":{"line":102,"column":28}},"42":{"start":{"line":103,"column":11},"end":{"line":107,"column":5}},"43":{"start":{"line":104,"column":6},"end":{"line":104,"column":19}},"44":{"start":{"line":106,"column":6},"end":{"line":106,"column":26}},"45":{"start":{"line":109,"column":4},"end":{"line":109,"column":77}},"46":{"start":{"line":111,"column":4},"end":{"line":113,"column":5}},"47":{"start":{"line":112,"column":6},"end":{"line":112,"column":38}},"48":{"start":{"line":115,"column":4},"end":{"line":117,"column":7}},"49":{"start":{"line":116,"column":6},"end":{"line":116,"column":32}},"50":{"start":{"line":121,"column":0},"end":{"line":121,"column":25}}},"branchMap":{"1":{"line":15,"type":"if","locations":[{"start":{"line":15,"column":4},"end":{"line":15,"column":4}},{"start":{"line":15,"column":4},"end":{"line":15,"column":4}}]},"2":{"line":15,"type":"binary-expr","locations":[{"start":{"line":15,"column":8},"end":{"line":15,"column":19}},{"start":{"line":15,"column":23},"end":{"line":15,"column":47}},{"start":{"line":15,"column":51},"end":{"line":15,"column":87}},{"start":{"line":15,"column":91},"end":{"line":15,"column":123}}]},"3":{"line":16,"type":"binary-expr","locations":[{"start":{"line":16,"column":44},"end":{"line":16,"column":64}},{"start":{"line":16,"column":68},"end":{"line":16,"column":108}}]},"4":{"line":17,"type":"if","locations":[{"start":{"line":17,"column":6},"end":{"line":17,"column":6}},{"start":{"line":17,"column":6},"end":{"line":17,"column":6}}]},"5":{"line":28,"type":"if","locations":[{"start":{"line":28,"column":4},"end":{"line":28,"column":4}},{"start":{"line":28,"column":4},"end":{"line":28,"column":4}}]},"6":{"line":42,"type":"if","locations":[{"start":{"line":42,"column":4},"end":{"line":42,"column":4}},{"start":{"line":42,"column":4},"end":{"line":42,"column":4}}]},"7":{"line":48,"type":"if","locations":[{"start":{"line":48,"column":4},"end":{"line":48,"column":4}},{"start":{"line":48,"column":4},"end":{"line":48,"column":4}}]},"8":{"line":52,"type":"if","locations":[{"start":{"line":52,"column":4},"end":{"line":52,"column":4}},{"start":{"line":52,"column":4},"end":{"line":52,"column":4}}]},"9":{"line":57,"type":"if","locations":[{"start":{"line":57,"column":11},"end":{"line":57,"column":11}},{"start":{"line":57,"column":11},"end":{"line":57,"column":11}}]},"10":{"line":62,"type":"cond-expr","locations":[{"start":{"line":62,"column":46},"end":{"line":62,"column":57}},{"start":{"line":62,"column":60},"end":{"line":62,"column":73}}]},"11":{"line":91,"type":"if","locations":[{"start":{"line":91,"column":4},"end":{"line":91,"column":4}},{"start":{"line":91,"column":4},"end":{"line":91,"column":4}}]},"12":{"line":93,"type":"cond-expr","locations":[{"start":{"line":93,"column":54},"end":{"line":93,"column":85}},{"start":{"line":93,"column":88},"end":{"line":93,"column":92}}]},"13":{"line":96,"type":"cond-expr","locations":[{"start":{"line":96,"column":60},"end":{"line":96,"column":97}},{"start":{"line":96,"column":100},"end":{"line":96,"column":104}}]},"14":{"line":101,"type":"if","locations":[{"start":{"line":101,"column":4},"end":{"line":101,"column":4}},{"start":{"line":101,"column":4},"end":{"line":101,"column":4}}]},"15":{"line":101,"type":"binary-expr","locations":[{"start":{"line":101,"column":8},"end":{"line":101,"column":12}},{"start":{"line":101,"column":16},"end":{"line":101,"column":39}}]},"16":{"line":103,"type":"if","locations":[{"start":{"line":103,"column":11},"end":{"line":103,"column":11}},{"start":{"line":103,"column":11},"end":{"line":103,"column":11}}]},"17":{"line":109,"type":"binary-expr","lo
[...]
},"end":{"line":188,"column":5}},"73":{"start":{"line":185,"column":6},"end":{"line":187,"column":7}},"74":{"start":{"line":186,"column":8},"end":{"line":186,"column":60}},"75":{"start":{"line":189,"column":4},"end":{"line":189,"column":17}},"76":{"start":{"line":192,"column":2},"end":{"line":200,"column":3}},"77":{"start":{"line":193,"column":4},"end":{"line":193,"column":54}},"78":{"start":{"line":194,"column":4},"end":{"line":199,"column":5}},"79":{"start":{"line":195,"column":6},"end":{"line":197,"column":7}},"80":{"start":{"line":196,"column":8},"end":{"line":196,"column":38}},"81":{"start":{"line":198,"column":6},"end":{"line":198,"column":18}},"82":{"start":{"line":202,"column":2},"end":{"line":202,"column":26}}},"branchMap":{"1":{"line":15,"type":"cond-expr","locations":[{"start":{"line":15,"column":70},"end":{"line":15,"column":73}},{"start":{"line":15,"column":76},"end":{"line":15,"column":92}}]},"2":{"line":15,"type":"binary-expr","locations":[{"start":{"line":15,"column":46},"end":{"line":15,"column":49}},{"start":{"line":15,"column":53},"end":{"line":15,"column":67}}]},"3":{"line":32,"type":"if","locations":[{"start":{"line":32,"column":6},"end":{"line":32,"column":6}},{"start":{"line":32,"column":6},"end":{"line":32,"column":6}}]},"4":{"line":36,"type":"if","locations":[{"start":{"line":36,"column":10},"end":{"line":36,"column":10}},{"start":{"line":36,"column":10},"end":{"line":36,"column":10}}]},"5":{"line":38,"type":"cond-expr","locations":[{"start":{"line":38,"column":49},"end":{"line":38,"column":74}},{"start":{"line":38,"column":77},"end":{"line":38,"column":86}}]},"6":{"line":56,"type":"if","locations":[{"start":{"line":56,"column":6},"end":{"line":56,"column":6}},{"start":{"line":56,"column":6},"end":{"line":56,"column":6}}]},"7":{"line":56,"type":"binary-expr","locations":[{"start":{"line":56,"column":10},"end":{"line":56,"column":18}},{"start":{"line":56,"column":22},"end":{"line":56,"column":48}}]},"8":{"line":57,"type":"if","locations":[{"start":{"line":57,"column":8},"end":{"line":57,"column":8}},{"start":{"line":57,"column":8},"end":{"line":57,"column":8}}]},"9":{"line":57,"type":"binary-expr","locations":[{"start":{"line":57,"column":12},"end":{"line":57,"column":19}},{"start":{"line":57,"column":23},"end":{"line":57,"column":48}},{"start":{"line":57,"column":52},"end":{"line":57,"column":71}}]},"10":{"line":68,"type":"if","locations":[{"start":{"line":68,"column":6},"end":{"line":68,"column":6}},{"start":{"line":68,"column":6},"end":{"line":68,"column":6}}]},"11":{"line":68,"type":"binary-expr","locations":[{"start":{"line":68,"column":10},"end":{"line":68,"column":45}},{"start":{"line":68,"column":49},"end":{"line":68,"column":63}}]},"12":{"line":77,"type":"if","locations":[{"start":{"line":77,"column":6},"end":{"line":77,"column":6}},{"start":{"line":77,"column":6},"end":{"line":77,"column":6}}]},"13":{"line":86,"type":"if","locations":[{"start":{"line":86,"column":6},"end":{"line":86,"column":6}},{"start":{"line":86,"column":6},"end":{"line":86,"column":6}}]},"14":{"line":88,"type":"if","locations":[{"start":{"line":88,"column":8},"end":{"line":88,"column":8}},{"start":{"line":88,"column":8},"end":{"line":88,"column":8}}]},"15":{"line":96,"type":"if","locations":[{"start":{"line":96,"column":6},"end":{"line":96,"column":6}},{"start":{"line":96,"column":6},"end":{"line":96,"column":6}}]},"16":{"line":102,"type":"if","locations":[{"start":{"line":102,"column":6},"end":{"line":102,"column":6}},{"start":{"line":102,"column":6},"end":{"line":102,"column":6}}]},"17":{"line":114,"type":"if","locations":[{"start":{"line":114,"column":6},"end":{"line":114,"column":6}},{"start":{"line":114,"column":6},"end":{"line":114,"column":6}}]},"18":{"line":114,"type":"binary-expr","locations":[{"start":{"line":114,"column":10},"end":{"line":114,"column":21}},{"start":{"line":114,"column":25},"end":{"line":114,"column":109}}]},"19":{"line":114,"type":"cond-expr","locations":[{"start":{"line":114,"column":55},"end":{"line":114,"column":66}},{"start":{"line":114,"column":69},"end":{"line":114,"column":95}}]},"20":{"line":115,"type":"binary-expr","locations":[{"start":{"line":115,"column":16},"end":{"line":115,"column":19}},{"start":{"line":115,"column":23},"end":{"line":115,"column":50}},{"start":{"line":115,"column":54},"end":{"line":115,"column":56}}]},"21":{"line":116,"type":"binary-expr","locations":[{"start":{"line":116,"column":18},"end":{"line":116,"column":47}},{"start":{"line":116,"column":51},"end":{"line":116,"column":53}}]},"22":{"line":119,"type":"cond-expr","locations":[{"start":{"line":119,"column":28},"end":{"line":119,"column":59}},{"start":{"line":119,"column":62},"end":{"line":119,"column":64}}]},"23":{"line":126,"type":"if","locations":[{"start":{"line":126,"column":6},"end":{"line":126,"column":6}},{"start":{"line":126,"column":6},"end":{"line":126,"column":6}}]},"24":{"line":126,"type":"binary-expr","locations":[{"start":{"line":126,"column":10},"end":{"line":126,"column":37}},{"start":{"line":126,"column":41},"end":{"line":126,"column":54}}]},"25":{"line":141,"type":"if","locations":[{"start":{"line":141,"column":12},"end":{"line":141,"column":12}},{"start":{"line":141,"column":12},"end":{"line":141,"column":12}}]},"26":{"line":175,"type":"if","locations":[{"start":{"line":175,"column":4},"end":{"line":175,"column":4}},{"start":{"line":175,"column":4},"end":{"line":175,"column":4}}]},"27":{"line":175,"type":"binary-expr","locations":[{"start":{"line":175,"column":8},"end":{"line":175,"column":43}},{"start":{"line":175,"column":47},"end":{"line":175,"column":68}}]},"28":{"line":176,"type":"cond-expr","locations":[{"start":{"line":176,"column":41},"end":{"line":176,"column":78}},{"start":{"line":176,"column":81},"end":{"line":176,"column":114}}]},"29":{"line":184,"type":"if","locations":[{"start":{"line":184,"column":4},"end":{"line":184,"column":4}},{"start":{"line":184,"column":4},"end":{"line":184,"column":4}}]},"30":{"line":193,"type":"binary-expr","locations":[{"start":{"line":193,"column":18},"end":{"line":193,"column":31}},{"start":{"line":193,"column":35},"end":{"line":193,"column":53}}]},"31":{"line":194,"type":"if","locations":[{"start":{"line":194,"column":4},"end":{"line":194,"column":4}},{"start":{"line":194,"column":4},"end":{"line":194,"column":4}}]},"32":{"line":195,"type":"if","locations":[{"start":{"line":195,"column":6},"end":{"line":195,"column":6}},{"start":{"line":195,"column":6},"end":{"line":195,"column":6}}]}},"code":["'use strict';","","var _typeof2 = require('babel-runtime/helpers/typeof');","","var _typeof3 = _interopRequireDefault(_typeof2);","","var _lodash = require('lodash');","","var _lodash2 = _interopRequireDefault(_lodash);","","var _bluebird = require('bluebird');","","var _bluebird2 = _interopRequireDefault(_bluebird);","","function _interopRequireDefault(obj) { return obj && obj.__esModule ? obj : { default: obj }; }","","// Virtuals Plugin","// Allows getting/setting virtual (computed) properties on model instances.","// -----","module.exports = function (Bookshelf) {","","  var proto = Bookshelf.Model.prototype;","  var Model = Bookshelf.Model.extend({","    outputVirtuals: true,","","    // If virtual properties have been defined they will be created","    // as simple getters on the model.","    constructor: function constructor(attributes, options) {","      proto.constructor.apply(this, arguments);","      var virtuals = this.virtuals;","","      if (_lodash2.default.isObject(virtuals)) {","        for (var virtualName in virtuals) {","          var getter = void 0,","              setter = void 0;","          if (virtuals[virtualName].get) {","            getter = virtuals[virtualName].get;","            setter = virtuals[virtualName].set ? virtuals[virtualName].set : undefined;","          } else {","            getter = virtuals[virtualName];","          }","          Object.defineProperty(this, virtualName, {","            enumerable: true,","            get: getter,","            set: setter","          });","        }","      }","    },","","    // Passing `{virtuals: true}` or `{virtuals: false}` in the `options`","    // controls including virtuals on function-level and overrides the","    // model-level setting","    toJSON: function toJSON(options) {","      var attrs = proto.toJSON.call(this, options);","      if (!options || options.virtuals !== false) {","        if (options && options.virtuals === true || this.outputVirtuals) {","          attrs = _lodash2.default.extend(attrs, getVirtuals(this));","        }","      }","      return attrs;","    },","","    // Allow virtuals to be fetched like normal properties","    get: function get(attr) {","      var virtuals = this.virtuals;","","      if (_lodash2.default.isObject(virtuals) && virtuals[attr]) {","        return getVirtual(this, attr);","      }","      return proto.get.apply(this, arguments);","    },","","    // Allow virtuals to be set like normal properties","    set: function set(key, value, options) {","","      if (key == null) {","        return this;","      }","","      // Determine whether we're in the middle of a patch operation based on the","      // existance of the `patchAttributes` object.","      var isPatching = this.patchAttributes != null;","","      // Handle `{key: value}` style arguments.","      if (_lodash2.default.isObject(key)) {","        var nonVirtuals = _lodash2.default.omitBy(key, _lodash2.default.bind(setVirtual, this));","        if (isPatching) {","          _lodash2.default.extend(this.patchAttributes, nonVirtuals);","        }","        // Set the non-virtual attributes as normal.","        return proto.set.call(this, nonVirtuals, options);","      }","","      // Handle `\"key\", value` style arguments for virtual setter.","      if (setVirtual.call(this, value, key)) {","        return this;","      }","","      // Handle `\"key\", value` style assignment call to be added to patching","      // attributes if set(\"key\", value, ...) called from inside a virtual setter.","      if (isPatching) {","        this.patchAttributes[key] = value;","      }","","      return proto.set.apply(this, arguments);","    },","","    // Override `save` to keep track of state while doing a `patch` operation.","    save: function save(key, value, options) {","      var attrs = void 0;","","      // Handle both `\"key\", value` and `{key: value}` -style arguments.","      if (key == null || (typeof key === 'undefined' ? 'undefined' : (0, _typeof3.default)(key)) === \"object\") {","        attrs = key && _lodash2.default.clone(key) || {};","        options = _lodash2.default.clone(value) || {};","      } else {","        (attrs = {})[key] = value;","        options = options ? _lodash2.default.clone(options) : {};","      }","","      // Determine whether which kind of save we will do, update or insert.","      options.method = this.saveMethod(options);","","      // Check if we're going to do a patch, in which case deal with virtuals now.","      if (options.method === 'update' && options.patch) {","","        // Extend the model state to collect side effects from the virtual setter","        // callback. If `set` is called, this object will be updated in addition","        // to the normal `attributes` object.","        this.patchAttributes = {};","","        // Any setter could throw. We need to reject `save` if they do.","        try {","","          // Check if any of the patch attribues are virtuals. If so call their","          // setter. Any setter that calls `this.set` will be modifying","          // `this.patchAttributes` instead of `this.attributes`.","          _lodash2.default.each(attrs, function (value, key) {","","            if (setVirtual.call(this, value, key)) {","              // This was a virtual, so remove it from the attributes to be","              // passed to `Model.save`.","              delete attrs[key];","            }","          }.bind(this));","","          // Now add any changes that occurred during the update.","          _lodash2.default.extend(attrs, this.patchAttributes);","        } catch (e) {","          return _bluebird2.default.reject(e);","        } finally {","          // Delete the temporary object.","          delete this.patchAttributes;","        }","      }","","      return proto.save.call(this, attrs, options);","    }","  });","","  // Underscore methods that we want to implement on the Model.","  var modelMethods = ['keys', 'values', 'toPairs', 'invert', 'pick', 'omit'];","","  // Mix in each Lodash method as a proxy to `Model#attributes`.","  _lodash2.default.each(modelMethods, function (method) {","    Model.prototype[method] = function () {","      return _lodash2.default[method].apply(_lodash2.default, [_lodash2.default.extend({}, this.attributes, getVirtuals(this))].concat(Array.prototype.slice.call(arguments)));","    };","  });","","  function getVirtual(model, virtualName) {","    var virtuals = model.virtuals;","","    if (_lodash2.default.isObject(virtuals) && virtuals[virtualName]) {","      return virtuals[virtualName].get ? virtuals[virtualName].get.call(model) : virtuals[virtualName].call(model);","    }","  }","","  function getVirtuals(model) {","    var virtuals = model.virtuals;","","    var attrs = {};","    if (virtuals != null) {","      for (var virtualName in virtuals) {","        attrs[virtualName] = getVirtual(model, virtualName);","      }","    }","    return attrs;","  }","","  function setVirtual(value, key) {","    var virtual = this.virtuals && this.virtuals[key];","    if (virtual) {","      if (virtual.set) {","        virtual.set.call(this, value);","      }","      return true;","    }","  }","","  Bookshelf.Model = Model;","};"],"l":{"3":1,"5":1,"7":1,"9":1,"11":1,"13":1,"15":3,"20":1,"22":0,"23":0,"29":0,"30":0,"32":0,"33":0,"34":0,"36":0,"37":0,"38":0,"40":0,"42":0,"55":0,"56":0,"57":0,"58":0,"61":0,"66":0,"68":0,"69":0,"71":0,"77":0,"78":0,"83":0,"86":0,"87":0,"88":0,"89":0,"92":0,"96":0,"97":0,"102":0,"103":0,"106":0,"111":0,"114":0,"115":0,"116":0,"118":0,"119":0,"123":0,"126":0,"131":0,"134":0,"139":0,"141":0,"144":0,"149":0,"151":0,"154":0,"158":0,"163":0,"166":0,"167":0,"168":0,"172":1,"173":0,"175":0,"176":0,"180":1,"181":0,"183":0,"184":0,"185":0,"186":0,"189":0,"192":1,"193":0,"194":0,"195":0,"196":0,"198":0,"202":0}},"/home/travis/build/npmtest/node-npmtest-bookshelf/node_modules/bookshelf/lib/plugins/visibility.js":{"path":"/home/travis/build/npmtest/node-npmtest-bookshelf/node_modules/bookshelf/lib/plugins/visibility.js","s":{"1":1,"2":1,"3":1,"4":1,"5":1,"6":1,"7":0,"8":0,"9":0,"10":0,"11":0,"12":0,"13":0,"14":0,"15":0,"16":0,"17":0,"18":0,"19":0,"20":0,"21":0,"22":0},"b":{"1":[1,0],"2":[1,1],"3":[0,0],"4":[0,0],"5":[0,0],"6":[0,0],"7":[0,0]},"f":{"1":1,"2":0,"3":0,"4":0},"fnMap":{"1":{"name":"_interopRequireDefault","line":9,"loc":{"start":{"line":9,"column":0},"end":{"line":9,"column":37}}},"2":{"name":"(anonymous_2)","line":14,"loc":{"start":{"line":14,"column":17},"end":{"line":14,"column":38}}},"3":{"name":"constructor","line":28,"loc":{"start":{"line":28,"column":17},"end":{"line":28,"column":40}}},"4":{"name":"toJSON","line":41,"loc":{"start":{"line":41,"column":12},"end":{"line":41,"column":30}}}},"statementMap":{"1":{"start":{"line":3,"column":0},"end":{"line":3,"column":77}},"2":{"start":{"line":5,"column":0},"end":{"line":5,"column":70}},"3":{"start":{"line":7,"column":0},"end":{"line":7,"column":32}},"4":{"start":{"line":9,"column":0},"end":{"line":9,"column":95}},"5":{"start":{"line":9,"column":39},"end":{"line":9,"column":93}},"6":{"start":{"line":14,"column":0},"end":{"line":55,"column":2}},"7":{"start":{"line":15,"column":2},"end":{"line":15,"column":40}},"8":{"start":{"line":16,"column":2},"end":{"line":16,"column":29}},"9":{"start":{"line":18,"column":2},"end":{"line":52,"column":5}},"10":{"start":{"line":29,"column":6},"end":{"line":29,"column":47}},"11":{"start":{"line":30,"column":6},"end":{"line":30,"column":39}},"12":{"start":{"line":31,"column":6},"end":{"line":33,"column":7}},"13":{"start":{"line":32,"column":8},"end":{"line":32,"column":59}},"14":{"start":{"line":34,"column":6},"end":{"line":36,"column":7}},"15":{"start":{"line":35,"column":8},"end":{"line":35,"column":57}},"16":{"start":{"line":42,"column":6},"end":{"line":42,"column":48}},"17":{"start":{"line":43,"column":6},"end":{"line":45,"column":7}},"18":{"start":{"line":44,"column":8},"end":{"line":44,"column":108}},"19":{"start":{"line":46,"column":6},"end":{"line":48,"column":7}},"20":{"start":{"line":47,"column":8},"end":{"line":47,"column":107}},"21":{"start":{"line":49,"column":6},"end":{"line":49,"column":18}},"22":{"start":{"line":54,"column":2},"end":{"line":54,"column":26}}},"branchMap":{"1":{"line":9,"type":"cond-expr","locations":[{"start":{"line":9,"column":70},"end":{"line":9,"column":73}},{"start":{"line":9,"column":76},"end":{"line":9,"column":92}}]},"2":{"line":9,"type":"binary-expr","locations":[{"start":{"line":9,"column":46},"end":{"line":9,"column":49}},{"start":{"line":9,"column":53},"end":{"line":9,"column":67}}]},"3":{"line":30,"type":"binary-expr","locations":[{"start":{"line":30,"column":20},"end":{"line":30,"column":32}},{"start":{"line":30,"column":36},"end":{"line":30,"column":38}}]},"4":{"line":31,"type":"if","locations":[{"start":{"line":31,"column":6},"end":{"line":31,"column":6}},{"start":{"line":31,"column":6},"end":{"line":31,"column":6}}]},"5":{"line":34,"type":"if","locations":[{"start":{"line":34,"column":6},"end":{"line":34,"column":6}},{"start":{"line":34,"column":6},"end":{"line":34,"column":6}}]},"6":{"line":43,"type":"if","locations":[{"start":{"line":43,"column":6},"end":{"line":43,"column":6}},{"start":{"line":43,"column":6},"end":{"line":43,"column":6}}]},"7":{"line":46,"type":"if","locations":[{"start":{"line":46,"column":6},"end":{"line":46,"column":6}},{"start":{"line":46,"column":6},"end":{"line":46,"column":6}}]}},"code":["'use strict';","","var _toConsumableArray2 = require('babel-runtime/helpers/toConsumableArray');","","var _toConsumableArray3 = _interopRequireDefault(_toConsumableArray2);","","var _lodash = require('lodash');","","function _interopRequireDefault(obj) { return obj && obj.__esModule ? obj : { default: obj }; }","","// Visibility plugin -","// Useful for hiding/showing particular attributes on `toJSON`.","// -----","module.exports = function (Bookshelf) {","  var proto = Bookshelf.Model.prototype;","  var _toJSON = proto.toJSON;","","  var Model = Bookshelf.Model.extend({","","    // Replace with an array of properties to blacklist on `toJSON`.","    hidden: null,","","    // Replace with an array of properties to whitelist on `toJSON`.","    visible: null,","","    // If `visible` or `hidden` are specified in the `options` hash,","    // they're assumed to override whatever is on the model's prototype.","    constructor: function constructor() {","      proto.constructor.apply(this, arguments);","      var options = arguments[1] || {};","      if (options.visible) {","        this.visible = (0, _lodash.clone)(options.visible);","      }","      if (options.hidden) {","        this.hidden = (0, _lodash.clone)(options.hidden);","      }","    },","","    // Checks the `visible` and then `hidden` properties to see if there are","    // any keys we don't want to show when the object is json-ified.","    toJSON: function toJSON() {","      var json = _toJSON.apply(this, arguments);","      if (this.visible) {","        json = _lodash.pick.apply(undefined, (0, _toConsumableArray3.default)([json].concat(this.visible)));","      }","      if (this.hidden) {","        json = _lodash.omit.apply(undefined, (0, _toConsumableArray3.default)([json].concat(this.hidden)));","      }","      return json;","    }","","  });","","  Bookshelf.Model = Model;","};"],"l":{"3":1,"5":1,"7":1,"9":1,"14":1,"15":0,"16":0,"18":0,"29":0,"30":0,"31":0,"32":0,"34":0,"35":0,"42":0,"43":0,"44":0,"46":0,"47":0,"49":0,"54":0}}}